生成启动时间为 2014/9/26 9:41:02。
     1>项目“D:\DEMO\release\TowerDefense\cocos2d\cocos\editor-support\cocostudio\proj.win32\libCocosStudio.vcxproj”在节点 5 上(Build 个目标)。
     1>正在使用工具版本“4.0”进行生成。
     1>来自项目“D:\DEMO\release\TowerDefense\cocos2d\cocos\editor-support\cocostudio\proj.win32\libCocosStudio.vcxproj”的文件“C:\Windows\Microsoft.NET\Framework\v4.0.30319\Microsoft.Common.Targets”中的目标“_CheckForInvalidConfigurationAndPlatform”(入口点):
       由于 false 条件，已跳过任务“Error”；( '$(_InvalidConfigurationError)' == 'true' )计算为( '' == 'true' )。
       由于 false 条件，已跳过任务“Warning”；( '$(_InvalidConfigurationWarning)' == 'true' )计算为( '' == 'true' )。
       正在使用程序集“Microsoft.Build.Tasks.v4.0, Version=4.0.0.0, Culture=neutral, PublicKeyToken=b03f5f7f11d50a3a”中的“Message”任务。
       任务“Message”
         Configuration=Debug
       已完成执行任务“Message”的操作。
       任务“Message”
         Platform=Win32
       已完成执行任务“Message”的操作。
       由于 false 条件，已跳过任务“Error”；('$(OutDir)' != '' and !HasTrailingSlash('$(OutDir)'))计算为('D:\DEMO\release\TowerDefense\proj.win32\Debug.win32\' != '' and !HasTrailingSlash('D:\DEMO\release\TowerDefense\proj.win32\Debug.win32\'))。
       由于 false 条件，已跳过任务“Error”；('$(BaseIntermediateOutputPath)' != '' and !HasTrailingSlash('$(BaseIntermediateOutputPath)'))计算为('obj\' != '' and !HasTrailingSlash('obj\'))。
       由于 false 条件，已跳过任务“Error”；('$(IntermediateOutputPath)' != '' and !HasTrailingSlash('$(IntermediateOutputPath)'))计算为('Debug.win32\' != '' and !HasTrailingSlash('Debug.win32\'))。
     1>已完成在项目“libCocosStudio.vcxproj”中生成目标“_CheckForInvalidConfigurationAndPlatform”的操作。
     1>来自项目“D:\DEMO\release\TowerDefense\cocos2d\cocos\editor-support\cocostudio\proj.win32\libCocosStudio.vcxproj”的文件“C:\Program Files (x86)\MSBuild\Microsoft.Cpp\v4.0\V110\Microsoft.BuildSteps.Targets”中的目标“_PrepareForBuild”(目标“Build”依赖于它):
       由于 false 条件，已跳过任务“CreateItem”；('%(CustomBuild.IncludeFileToTool)'!='')计算为(''!='')。
     1>已完成在项目“libCocosStudio.vcxproj”中生成目标“_PrepareForBuild”的操作。
     1>来自项目“D:\DEMO\release\TowerDefense\cocos2d\cocos\editor-support\cocostudio\proj.win32\libCocosStudio.vcxproj”的文件“C:\Program Files (x86)\MSBuild\Microsoft.Cpp\v4.0\V110\Microsoft.CppBuild.targets”中的目标“_PrepareForReferenceResolution”(目标“ResolveReferences”依赖于它):
       由于 false 条件，已跳过任务“Message”；('$(_REFERENCE_DEBUG)'=='true')计算为(''=='true')。
     1>已完成在项目“libCocosStudio.vcxproj”中生成目标“_PrepareForReferenceResolution”的操作。
       由于条件的计算结果为 false，已跳过目标“ComputeCrtSDKReference”；('@(ClCompile)'!='' and '$(WindowsAppContainer)'=='true' and '$(UseCrtSDKReference)' != 'false')的计算结果为('..\CCActionFrame.cpp;..\CCActionFrameEasing.cpp;..\CCActionManagerEx.cpp;..\CCActionNode.cpp;..\CCActionObject.cpp;..\CCArmature.cpp;..\CCArmatureAnimation.cpp;..\CCArmatureDataManager.cpp;..\CCArmatureDefine.cpp;..\CCBatchNode.cpp;..\CCBone.cpp;..\CCColliderDetector.cpp;..\CCComAttribute.cpp;..\CCComAudio.cpp;..\CCComController.cpp;..\CCComRender.cpp;..\CCDataReaderHelper.cpp;..\CCDatas.cpp;..\CCDecorativeDisplay.cpp;..\CCDisplayFactory.cpp;..\CCDisplayManager.cpp;..\CCInputDelegate.cpp;..\CCProcessBase.cpp;..\CCSGUIReader.cpp;..\CCSkin.cpp;..\CCSpriteFrameCacheHelper.cpp;..\CCSSceneReader.cpp;..\CCTransformHelp.cpp;..\CCTween.cpp;..\CCUtilMath.cpp;..\DictionaryHelper.cpp;..\ObjectFactory.cpp;..\TriggerBase.cpp;..\TriggerMng.cpp;..\TriggerObj.cpp;..\WidgetReader\ButtonReader\ButtonReader.cpp;..\WidgetReader\CheckBoxReader\CheckBoxReader.cpp;..\WidgetReader\ImageViewReader\ImageViewReader.cpp;..\WidgetReader\LayoutReader\LayoutReader.cpp;..\WidgetReader\ListViewReader\ListViewReader.cpp;..\WidgetReader\LoadingBarReader\LoadingBarReader.cpp;..\WidgetReader\PageViewReader\PageViewReader.cpp;..\WidgetReader\ScrollViewReader\ScrollViewReader.cpp;..\WidgetReader\SliderReader\SliderReader.cpp;..\WidgetReader\TextAtlasReader\TextAtlasReader.cpp;..\WidgetReader\TextBMFontReader\TextBMFontReader.cpp;..\WidgetReader\TextFieldReader\TextFieldReader.cpp;..\WidgetReader\TextReader\TextReader.cpp;..\WidgetReader\WidgetReader.cpp'!='' and 'false'=='true' and '' != 'false')。
     1>来自项目“D:\DEMO\release\TowerDefense\cocos2d\cocos\editor-support\cocostudio\proj.win32\libCocosStudio.vcxproj”的文件“C:\Windows\Microsoft.NET\Framework\v4.0.30319\Microsoft.Common.Targets”中的目标“BeforeResolveReferences”(目标“ResolveReferences”依赖于它):
     1>已完成在项目“libCocosStudio.vcxproj”中生成目标“BeforeResolveReferences”的操作。
     1>来自项目“D:\DEMO\release\TowerDefense\cocos2d\cocos\editor-support\cocostudio\proj.win32\libCocosStudio.vcxproj”的文件“C:\Windows\Microsoft.NET\Framework\v4.0.30319\Microsoft.Common.Targets”中的目标“AssignProjectConfiguration”(目标“ResolveReferences”依赖于它):
       正在使用程序集“Microsoft.Build.Tasks.v4.0, Version=4.0.0.0, Culture=neutral, PublicKeyToken=b03f5f7f11d50a3a”中的“AssignProjectConfiguration”任务。
       任务“AssignProjectConfiguration”
       已完成执行任务“AssignProjectConfiguration”的操作。
     1>已完成在项目“libCocosStudio.vcxproj”中生成目标“AssignProjectConfiguration”的操作。
       已跳过目标“AssignProjectConfiguration”。以前的生成已成功。
     1>来自项目“D:\DEMO\release\TowerDefense\cocos2d\cocos\editor-support\cocostudio\proj.win32\libCocosStudio.vcxproj”的文件“C:\Windows\Microsoft.NET\Framework\v4.0.30319\Microsoft.Common.Targets”中的目标“_SplitProjectReferencesByFileExistence”(目标“ResolveProjectReferences”依赖于它):
       由于 false 条件，已跳过任务“ResolveNonMSBuildProjectOutput”；('$(BuildingInsideVisualStudio)'=='true' and '@(ProjectReferenceWithConfiguration)'!='')计算为('true'=='true' and ''!='')。
     1>已完成在项目“libCocosStudio.vcxproj”中生成目标“_SplitProjectReferencesByFileExistence”的操作。
       由于条件的计算结果为 false，已跳过目标“_RemoveNameMetadataFromProjectReferenceItems”；('@(ProjectReference)'!='')的计算结果为(''!='')。
     1>来自项目“D:\DEMO\release\TowerDefense\cocos2d\cocos\editor-support\cocostudio\proj.win32\libCocosStudio.vcxproj”的文件“C:\Windows\Microsoft.NET\Framework\v4.0.30319\Microsoft.Common.Targets”中的目标“ResolveProjectReferences”(目标“ResolveReferences”依赖于它):
       由于 false 条件，已跳过任务“MSBuild”；('%(_MSBuildProjectReferenceExistent.BuildReference)' == 'true' and '@(ProjectReferenceWithConfiguration)' != '' and ('$(BuildingInsideVisualStudio)' == 'true' or '$(BuildProjectReferences)' != 'true') and '@(_MSBuildProjectReferenceExistent)' != '')计算为('' == 'true' and '' != '' and ('true' == 'true' or 'true' != 'true') and '' != '')。
       由于 false 条件，已跳过任务“MSBuild”；('%(_MSBuildProjectReferenceExistent.BuildReference)' == 'true' and '@(ProjectReferenceWithConfiguration)' != '' and '$(BuildingInsideVisualStudio)' != 'true' and '$(BuildProjectReferences)' == 'true' and '@(_MSBuildProjectReferenceExistent)' != '')计算为('' == 'true' and '' != '' and 'true' != 'true' and 'true' == 'true' and '' != '')。
       由于 false 条件，已跳过任务“MSBuild”；('%(_MSBuildProjectReferenceExistent.BuildReference)' == 'true' and '@(ProjectReferenceWithConfiguration)' != '' and '$(BuildingProject)' == 'true' and '@(_MSBuildProjectReferenceExistent)' != '')计算为('' == 'true' and '' != '' and 'true' == 'true' and '' != '')。
       由于 false 条件，已跳过任务“Warning”；('@(ProjectReferenceWithConfiguration)' != '' and '@(_MSBuildProjectReferenceNonexistent)' != '')计算为('' != '' and '' != '')。
     1>已完成在项目“libCocosStudio.vcxproj”中生成目标“ResolveProjectReferences”的操作。
       由于条件的计算结果为 false，已跳过目标“ResolveNativeReferences”；('@(NativeReference)'!='')的计算结果为(''!='')。
       已跳过目标“_PrepareForReferenceResolution”。以前的生成已成功。
     1>来自项目“D:\DEMO\release\TowerDefense\cocos2d\cocos\editor-support\cocostudio\proj.win32\libCocosStudio.vcxproj”的文件“C:\Windows\Microsoft.NET\Framework\v4.0.30319\Microsoft.NETFramework.targets”中的目标“GetFrameworkPaths”(目标“ResolveAssemblyReferences”依赖于它):
     1>已完成在项目“libCocosStudio.vcxproj”中生成目标“GetFrameworkPaths”的操作。
       由于条件的计算结果为 false，已跳过目标“GetWinFXPath”；(('@(Page)' != '' or '@(ApplicationDefinition)' != '' or '@(Resource)' != '') and ('$(GetWinFXNativePath)' != '' or '$(GetWinFXWoWPath)' != '' ))的计算结果为(('' != '' or '' != '' or '' != '') and ('' != '' or '' != '' ))。
     1>来自项目“D:\DEMO\release\TowerDefense\cocos2d\cocos\editor-support\cocostudio\proj.win32\libCocosStudio.vcxproj”的文件“C:\Windows\Microsoft.NET\Framework\v4.0.30319\Microsoft.Common.Targets”中的目标“GetReferenceAssemblyPaths”(目标“ResolveAssemblyReferences”依赖于它):
       由于 false 条件，已跳过任务“GetReferenceAssemblyPaths”；('$(TargetFrameworkMoniker)' != '' and ('$(_TargetFrameworkDirectories)' == '' or '$(_FullFrameworkReferenceAssemblyPaths)' == ''))计算为('' != '' and ('C:\Program Files (x86)\Reference Assemblies\Microsoft\Framework\.NETFramework\v4.0' == '' or 'C:\Program Files (x86)\Reference Assemblies\Microsoft\Framework\.NETFramework\v4.0' == ''))。
     1>已完成在项目“libCocosStudio.vcxproj”中生成目标“GetReferenceAssemblyPaths”的操作。
     1>来自项目“D:\DEMO\release\TowerDefense\cocos2d\cocos\editor-support\cocostudio\proj.win32\libCocosStudio.vcxproj”的文件“C:\Program Files (x86)\MSBuild\Microsoft.Cpp\v4.0\V110\Microsoft.Cpp.targets”中的目标“SetBuildDefaultEnvironmentVariables”(目标“PrepareForBuild”依赖于它):
       正在使用程序集“Microsoft.Build.CppTasks.Common.v110, Version=4.0.0.0, Culture=neutral, PublicKeyToken=b03f5f7f11d50a3a”中的“SetEnv”任务。
       任务“SetEnv”
         PATH=C:\Program Files (x86)\Microsoft Visual Studio 11.0\VC\bin;C:\Program Files (x86)\Windows Kits\8.0\bin\x86;;C:\Program Files (x86)\Microsoft SDKs\Windows\v8.0A\bin\NETFX 4.0 Tools;C:\Program Files (x86)\Microsoft Visual Studio 11.0\Common7\Tools\bin;C:\Program Files (x86)\Microsoft Visual Studio 11.0\Common7\tools;C:\Program Files (x86)\Microsoft Visual Studio 11.0\Common7\ide;C:\Program Files (x86)\HTML Help Workshop;C:\Windows\Microsoft.NET\Framework\v4.0.30319\;C:\Program Files (x86)\Microsoft Visual Studio 11.0\;C:\Windows\SysWow64;;.;C:\Program Files\Java\jre7\bin;C:\Python27;E:\MyDeve\cocos2d-x-3.1.1\tools\cocos2d-console\bin;E:\资料库\cocos2d-x-3.0\cocos2d-x-3.0\tools\cocos2d-console\bin;
       已完成执行任务“SetEnv”的操作。
       由于 false 条件，已跳过任务“SetEnv”；('$(_IsNativeEnvironment)' == 'true')计算为('' == 'true')。
       任务“SetEnv”
         LIB=C:\Program Files (x86)\Microsoft Visual Studio 11.0\VC\lib;C:\Program Files (x86)\Microsoft Visual Studio 11.0\VC\atlmfc\lib;C:\Program Files (x86)\Windows Kits\8.0\lib\win8\um\x86;;
       已完成执行任务“SetEnv”的操作。
       任务“SetEnv”
         LIBPATH=C:\Program Files (x86)\Microsoft Visual Studio 11.0\VC\atlmfc\lib;C:\Program Files (x86)\Microsoft Visual Studio 11.0\VC\lib
       已完成执行任务“SetEnv”的操作。
       任务“SetEnv”
         INCLUDE=C:\Program Files (x86)\Microsoft Visual Studio 11.0\VC\include;C:\Program Files (x86)\Microsoft Visual Studio 11.0\VC\atlmfc\include;C:\Program Files (x86)\Windows Kits\8.0\Include\um;C:\Program Files (x86)\Windows Kits\8.0\Include\shared;C:\Program Files (x86)\Windows Kits\8.0\Include\winrt;;
       已完成执行任务“SetEnv”的操作。
     1>已完成在项目“libCocosStudio.vcxproj”中生成目标“SetBuildDefaultEnvironmentVariables”的操作。
     1>来自项目“D:\DEMO\release\TowerDefense\cocos2d\cocos\editor-support\cocostudio\proj.win32\libCocosStudio.vcxproj”的文件“C:\Program Files (x86)\MSBuild\Microsoft.Cpp\v4.0\V110\Microsoft.Cpp.targets”中的目标“SetUserMacroEnvironmentVariables”(目标“PrepareForBuild”依赖于它):
       任务“SetEnv”
         EngineRoot=D:\DEMO\release\TowerDefense\cocos2d\cocos\2d\..\..\
       已完成执行任务“SetEnv”的操作。
     1>已完成在项目“libCocosStudio.vcxproj”中生成目标“SetUserMacroEnvironmentVariables”的操作。
     1>来自项目“D:\DEMO\release\TowerDefense\cocos2d\cocos\editor-support\cocostudio\proj.win32\libCocosStudio.vcxproj”的文件“C:\Program Files (x86)\MSBuild\Microsoft.Cpp\v4.0\V110\Microsoft.CppBuild.targets”中的目标“GetResolvedWinMD”(目标“PrepareForBuild”依赖于它):
     1>已完成在项目“libCocosStudio.vcxproj”中生成目标“GetResolvedWinMD”的操作。
     1>来自项目“D:\DEMO\release\TowerDefense\cocos2d\cocos\editor-support\cocostudio\proj.win32\libCocosStudio.vcxproj”的文件“C:\Program Files (x86)\MSBuild\Microsoft.Cpp\v4.0\V110\Microsoft.Cpp.Platform.targets”中的目标“PlatformPrepareForBuild”(目标“PrepareForBuild”依赖于它):
       由于 false 条件，已跳过任务“VCMessage”；('$(DesignTimeBuild)'!='true' and '$(ConfigurationPlatformExists)' != 'true')计算为(''!='true' and 'true' != 'true')。
       由于 false 条件，已跳过任务“VCMessage”；('$(DesignTimeBuild)'!='true' and '$(ToolsetTargetsFound)' != 'true' and '$(PlatformToolset)' == 'v100')计算为(''!='true' and 'true' != 'true' and 'v110' == 'v100')。
       由于 false 条件，已跳过任务“VCMessage”；('$(DesignTimeBuild)'!='true' and '$(ToolsetTargetsFound)' != 'true' and '$(PlatformToolset)' == 'v90')计算为(''!='true' and 'true' != 'true' and 'v110' == 'v90')。
       由于 false 条件，已跳过任务“VCMessage”；('$(DesignTimeBuild)'!='true' and '$(ToolsetTargetsFound)' != 'true' and '$(PlatformToolset)' != 'v90' and '$(PlatformToolset)' != 'v100')计算为(''!='true' and 'true' != 'true' and 'v110' != 'v90' and 'v110' != 'v100')。
     1>已完成在项目“libCocosStudio.vcxproj”中生成目标“PlatformPrepareForBuild”的操作。
       已跳过目标“GetFrameworkPaths”。以前的生成已成功。
       已跳过目标“GetReferenceAssemblyPaths”。以前的生成已成功。
     1>来自项目“D:\DEMO\release\TowerDefense\cocos2d\cocos\editor-support\cocostudio\proj.win32\libCocosStudio.vcxproj”的文件“C:\Program Files (x86)\MSBuild\Microsoft.Cpp\v4.0\V110\Microsoft.CppBuild.targets”中的目标“PrepareForBuild”(目标“ResolveAssemblyReferences”依赖于它):
       由于 false 条件，已跳过任务“VCMessage”；('$(DesignTimeBuild)'!='true' and '$(ConfigurationPlatformExists)' != 'true')计算为(''!='true' and 'true' != 'true')。
       正在使用程序集“Microsoft.Build.Tasks.v4.0, Version=4.0.0.0, Culture=neutral, PublicKeyToken=b03f5f7f11d50a3a”中的“MakeDir”任务。
       任务“MakeDir”
       已完成执行任务“MakeDir”的操作。
       由于 false 条件，已跳过任务“VCMessage”；('$(DesignTimeBuild)'!='true' and '$(WindowsAppContainer)'=='true' and '$(ConfigurationType)'!='Application' and '$(ConfigurationType)'!='DynamicLibrary' and '$(ConfigurationType)'!='StaticLibrary')计算为(''!='true' and 'false'=='true' and 'StaticLibrary'!='Application' and 'StaticLibrary'!='DynamicLibrary' and 'StaticLibrary'!='StaticLibrary')。
       由于 false 条件，已跳过任务“VCMessage”；('$(DesignTimeBuild)'!='true' and '$(VCInstallDir)'=='' and '$(UseEnv)' != 'true' and ($(TargetFrameworkVersion)=='v3.5' or $(TargetFrameworkVersion)=='v3.0' or $(TargetFrameworkVersion)=='v2.0' ))计算为(''!='true' and 'C:\Program Files (x86)\Microsoft Visual Studio 11.0\VC\'=='' and '' != 'true' and (v4.0=='v3.5' or v4.0=='v3.0' or v4.0=='v2.0' ))。
       由于 false 条件，已跳过任务“VCMessage”；('$(DesignTimeBuild)'!='true' and '$(VCInstallDir)'=='' and '$(UseEnv)' != 'true' and '$(PlatformToolset)'=='v90')计算为(''!='true' and 'C:\Program Files (x86)\Microsoft Visual Studio 11.0\VC\'=='' and '' != 'true' and 'v110'=='v90')。
       由于 false 条件，已跳过任务“VCMessage”；('$(VCInstallDir)'=='' and '$(UseEnv)' != 'true')计算为('C:\Program Files (x86)\Microsoft Visual Studio 11.0\VC\'=='' and '' != 'true')。
       由于 false 条件，已跳过任务“VCMessage”；('$(WindowsSDKDir)'=='' and '$(UseEnv)' != 'true')计算为('C:\Program Files (x86)\Windows Kits\8.0\'=='' and '' != 'true')。
       由于 false 条件，已跳过任务“VCMessage”；('$(IntDirTrailingSlashWarning)'=='true')计算为(''=='true')。
       由于 false 条件，已跳过任务“VCMessage”；('$(OutDirTrailingSlashWarning)'=='true')计算为(''=='true')。
       由于 false 条件，已跳过任务“VCMessage”；('%(CompatibilityIssues.Identity)' != '' and '$(DesignTimeBuild)'!='true')计算为('' != '' and ''!='true')。
       任务“MakeDir”
       已完成执行任务“MakeDir”的操作。
     1>已完成在项目“libCocosStudio.vcxproj”中生成目标“PrepareForBuild”的操作。
       已跳过目标“_PrepareForReferenceResolution”。以前的生成已成功。
       由于条件的计算结果为 false，已跳过目标“ComputeCrtSDKReference”；('@(ClCompile)'!='' and '$(WindowsAppContainer)'=='true' and '$(UseCrtSDKReference)' != 'false')的计算结果为('..\CCActionFrame.cpp;..\CCActionFrameEasing.cpp;..\CCActionManagerEx.cpp;..\CCActionNode.cpp;..\CCActionObject.cpp;..\CCArmature.cpp;..\CCArmatureAnimation.cpp;..\CCArmatureDataManager.cpp;..\CCArmatureDefine.cpp;..\CCBatchNode.cpp;..\CCBone.cpp;..\CCColliderDetector.cpp;..\CCComAttribute.cpp;..\CCComAudio.cpp;..\CCComController.cpp;..\CCComRender.cpp;..\CCDataReaderHelper.cpp;..\CCDatas.cpp;..\CCDecorativeDisplay.cpp;..\CCDisplayFactory.cpp;..\CCDisplayManager.cpp;..\CCInputDelegate.cpp;..\CCProcessBase.cpp;..\CCSGUIReader.cpp;..\CCSkin.cpp;..\CCSpriteFrameCacheHelper.cpp;..\CCSSceneReader.cpp;..\CCTransformHelp.cpp;..\CCTween.cpp;..\CCUtilMath.cpp;..\DictionaryHelper.cpp;..\ObjectFactory.cpp;..\TriggerBase.cpp;..\TriggerMng.cpp;..\TriggerObj.cpp;..\WidgetReader\ButtonReader\ButtonReader.cpp;..\WidgetReader\CheckBoxReader\CheckBoxReader.cpp;..\WidgetReader\ImageViewReader\ImageViewReader.cpp;..\WidgetReader\LayoutReader\LayoutReader.cpp;..\WidgetReader\ListViewReader\ListViewReader.cpp;..\WidgetReader\LoadingBarReader\LoadingBarReader.cpp;..\WidgetReader\PageViewReader\PageViewReader.cpp;..\WidgetReader\ScrollViewReader\ScrollViewReader.cpp;..\WidgetReader\SliderReader\SliderReader.cpp;..\WidgetReader\TextAtlasReader\TextAtlasReader.cpp;..\WidgetReader\TextBMFontReader\TextBMFontReader.cpp;..\WidgetReader\TextFieldReader\TextFieldReader.cpp;..\WidgetReader\TextReader\TextReader.cpp;..\WidgetReader\WidgetReader.cpp'!='' and 'false'=='true' and '' != 'false')。
     1>来自项目“D:\DEMO\release\TowerDefense\cocos2d\cocos\editor-support\cocostudio\proj.win32\libCocosStudio.vcxproj”的文件“C:\Windows\Microsoft.NET\Framework\v4.0.30319\Microsoft.Common.Targets”中的目标“GetInstalledSDKLocations”(目标“ResolveSDKReferences”依赖于它):
       由于 false 条件，已跳过任务“GetInstalledSDKLocations”；('@(SDKReference)' != '')计算为('' != '')。
     1>已完成在项目“libCocosStudio.vcxproj”中生成目标“GetInstalledSDKLocations”的操作。
     1>来自项目“D:\DEMO\release\TowerDefense\cocos2d\cocos\editor-support\cocostudio\proj.win32\libCocosStudio.vcxproj”的文件“C:\Windows\Microsoft.NET\Framework\v4.0.30319\Microsoft.Common.Targets”中的目标“ResolveSDKReferences”(目标“ResolveAssemblyReferences”依赖于它):
       由于 false 条件，已跳过任务“ResolveSDKReference”；('@(SDKReference)'!='')计算为(''!='')。
     1>已完成在项目“libCocosStudio.vcxproj”中生成目标“ResolveSDKReferences”的操作。
       已跳过目标“ResolveSDKReferences”。以前的生成已成功。
     1>来自项目“D:\DEMO\release\TowerDefense\cocos2d\cocos\editor-support\cocostudio\proj.win32\libCocosStudio.vcxproj”的文件“C:\Windows\Microsoft.NET\Framework\v4.0.30319\Microsoft.Common.Targets”中的目标“ExpandSDKReferences”(目标“ResolveAssemblyReferences”依赖于它):
       由于 false 条件，已跳过任务“GetSDKReferenceFiles”；('@(ResolvedSDKReference)'!='')计算为(''!='')。
     1>已完成在项目“libCocosStudio.vcxproj”中生成目标“ExpandSDKReferences”的操作。
       由于条件的计算结果为 false，已跳过目标“FakesGenerateBeforeBuild”；(@(Fakes) != '' AND $(BuildingProject))的计算结果为( != '' AND true)。
     1>来自项目“D:\DEMO\release\TowerDefense\cocos2d\cocos\editor-support\cocostudio\proj.win32\libCocosStudio.vcxproj”的文件“C:\Windows\Microsoft.NET\Framework\v4.0.30319\Microsoft.Common.Targets”中的目标“ResolveAssemblyReferences”(目标“ResolveReferences”依赖于它):
       由于 false 条件，已跳过任务“ResolveAssemblyReference”；('@(Reference)'!='' or '@(_ResolvedProjectReferencePaths)'!='' or '@(_ExplicitReference)' != '')计算为(''!='' or ''!='' or '' != '')。
     1>已完成在项目“libCocosStudio.vcxproj”中生成目标“ResolveAssemblyReferences”的操作。
       由于条件的计算结果为 false，已跳过目标“ResolveComReferences”；('@(COMReference)'!='' or '@(COMFileReference)'!='')的计算结果为(''!='' or ''!='')。
     1>来自项目“D:\DEMO\release\TowerDefense\cocos2d\cocos\editor-support\cocostudio\proj.win32\libCocosStudio.vcxproj”的文件“C:\Windows\Microsoft.NET\Framework\v4.0.30319\Microsoft.Common.Targets”中的目标“AfterResolveReferences”(目标“ResolveReferences”依赖于它):
     1>已完成在项目“libCocosStudio.vcxproj”中生成目标“AfterResolveReferences”的操作。
       由于条件的计算结果为 false，已跳过目标“ImplicitlyExpandDesignTimeFacades”；('$(ImplicitlyExpandDesignTimeFacades)' == 'true')的计算结果为('' == 'true')。
       由于条件的计算结果为 false，已跳过目标“ResolveTestReferences”；('@(Shadow)'!='')的计算结果为(''!='')。
     1>来自项目“D:\DEMO\release\TowerDefense\cocos2d\cocos\editor-support\cocostudio\proj.win32\libCocosStudio.vcxproj”的文件“C:\Windows\Microsoft.NET\Framework\v4.0.30319\Microsoft.Common.Targets”中的目标“ResolveReferences”(目标“Build”依赖于它):
     1>已完成在项目“libCocosStudio.vcxproj”中生成目标“ResolveReferences”的操作。
       已跳过目标“PrepareForBuild”。以前的生成已成功。
       已跳过目标“PrepareForBuild”。以前的生成已成功。
     1>来自项目“D:\DEMO\release\TowerDefense\cocos2d\cocos\editor-support\cocostudio\proj.win32\libCocosStudio.vcxproj”的文件“C:\Program Files (x86)\MSBuild\Microsoft.Cpp\v4.0\V110\Microsoft.CppBuild.targets”中的目标“InitializeBuildStatus”(目标“Build”依赖于它):
       正在使用程序集“Microsoft.Build.Tasks.v4.0, Version=4.0.0.0, Culture=neutral, PublicKeyToken=b03f5f7f11d50a3a”中的“ReadLinesFromFile”任务。
       任务“ReadLinesFromFile”
       已完成执行任务“ReadLinesFromFile”的操作。
       正在使用程序集“Microsoft.Build.Tasks.v4.0, Version=4.0.0.0, Culture=neutral, PublicKeyToken=b03f5f7f11d50a3a”中的“WriteLinesToFile”任务。
       任务“WriteLinesToFile”
       已完成执行任务“WriteLinesToFile”的操作。
       正在使用程序集“Microsoft.Build.Tasks.v4.0, Version=4.0.0.0, Culture=neutral, PublicKeyToken=b03f5f7f11d50a3a”中的“Touch”任务。
       任务“Touch”
         正在创建“Debug.win32\libCocosStudio.unsuccessfulbuild”，因为已指定“AlwaysCreate”。
       已完成执行任务“Touch”的操作。
     1>已完成在项目“libCocosStudio.vcxproj”中生成目标“InitializeBuildStatus”的操作。
       已跳过目标“AssignProjectConfiguration”。以前的生成已成功。
       已跳过目标“_SplitProjectReferencesByFileExistence”。以前的生成已成功。
     1>来自项目“D:\DEMO\release\TowerDefense\cocos2d\cocos\editor-support\cocostudio\proj.win32\libCocosStudio.vcxproj”的文件“C:\Windows\Microsoft.NET\Framework\v4.0.30319\Microsoft.Common.Targets”中的目标“BuildGenerateSourcesTraverse”(目标“BuildGenerateSources”依赖于它):
       由于 false 条件，已跳过任务“MSBuild”；('$(BuildPassReferences)' == 'true' and '@(ProjectReferenceWithConfiguration)' != '' and '@(_MSBuildProjectReferenceExistent)' != '' and '%(_MSBuildProjectReferenceExistent.BuildReference)' == 'true')计算为('' == 'true' and '' != '' and '' != '' and '' == 'true')。
     1>已完成在项目“libCocosStudio.vcxproj”中生成目标“BuildGenerateSourcesTraverse”的操作。
       已跳过目标“PrepareForBuild”。以前的生成已成功。
       已跳过目标“ResolveReferences”。以前的生成已成功。
     1>来自项目“D:\DEMO\release\TowerDefense\cocos2d\cocos\editor-support\cocostudio\proj.win32\libCocosStudio.vcxproj”的文件“C:\Program Files (x86)\MSBuild\Microsoft.Cpp\v4.0\V110\Microsoft.BuildSteps.Targets”中的目标“BeforeBuildGenerateSources”(目标“_BuildGenerateSourcesAction”依赖于它):
     1>已完成在项目“libCocosStudio.vcxproj”中生成目标“BeforeBuildGenerateSources”的操作。
     1>来自项目“D:\DEMO\release\TowerDefense\cocos2d\cocos\editor-support\cocostudio\proj.win32\libCocosStudio.vcxproj”的文件“C:\Program Files (x86)\MSBuild\Microsoft.Cpp\v4.0\V110\Microsoft.CppCommon.targets”中的目标“PreBuildEvent”(目标“_BuildGenerateSourcesAction”依赖于它):
       由于 false 条件，已跳过任务“Message”；('%(PreBuildEvent.Message)' != '' and '%(PreBuildEvent.Command)' != '')计算为('' != '' and '' != '')。
       由于 false 条件，已跳过任务“Exec”；('%(PreBuildEvent.Command)' != '')计算为('' != '')。
     1>已完成在项目“libCocosStudio.vcxproj”中生成目标“PreBuildEvent”的操作。
       由于条件的计算结果为 false，已跳过目标“CustomBuild”；('@(CustomBuild)' != '')的计算结果为('' != '')。
       由于条件的计算结果为 false，已跳过目标“FxCompile”；('@(FxCompile)' != '')的计算结果为('' != '')。
       由于条件的计算结果为 false，已跳过目标“Xsd”；('@(Xsd)' != '')的计算结果为('' != '')。
     1>来自项目“D:\DEMO\release\TowerDefense\cocos2d\cocos\editor-support\cocostudio\proj.win32\libCocosStudio.vcxproj”的文件“C:\Program Files (x86)\MSBuild\Microsoft.Cpp\v4.0\V110\Microsoft.CppBuild.targets”中的目标“_Xsd”(目标“_BuildGenerateSourcesAction”依赖于它):
     1>已完成在项目“libCocosStudio.vcxproj”中生成目标“_Xsd”的操作。
     1>来自项目“D:\DEMO\release\TowerDefense\cocos2d\cocos\editor-support\cocostudio\proj.win32\libCocosStudio.vcxproj”的文件“C:\Program Files (x86)\MSBuild\Microsoft.Cpp\v4.0\V110\Microsoft.CppBuild.targets”中的目标“MakeDirsForMidl”(目标“_Midl”依赖于它):
       任务“Makedir”
       已完成执行任务“Makedir”的操作。
     1>已完成在项目“libCocosStudio.vcxproj”中生成目标“MakeDirsForMidl”的操作。
       由于条件的计算结果为 false，已跳过目标“Midl”；('@(Midl)' != '')的计算结果为('' != '')。
       由于条件的计算结果为 false，已跳过目标“CustomBuild”；('@(CustomBuild)' != '')的计算结果为('' != '')。
       由于条件的计算结果为 false，已跳过目标“FxCompile”；('@(FxCompile)' != '')的计算结果为('' != '')。
     1>来自项目“D:\DEMO\release\TowerDefense\cocos2d\cocos\editor-support\cocostudio\proj.win32\libCocosStudio.vcxproj”的文件“C:\Program Files (x86)\MSBuild\Microsoft.Cpp\v4.0\V110\Microsoft.CppBuild.targets”中的目标“ComputeMIDLGeneratedCompileInputs”(目标“_Midl”依赖于它):
     1>已完成在项目“libCocosStudio.vcxproj”中生成目标“ComputeMIDLGeneratedCompileInputs”的操作。
     1>来自项目“D:\DEMO\release\TowerDefense\cocos2d\cocos\editor-support\cocostudio\proj.win32\libCocosStudio.vcxproj”的文件“C:\Program Files (x86)\MSBuild\Microsoft.Cpp\v4.0\V110\Microsoft.CppBuild.targets”中的目标“AfterMidl”(目标“_Midl”依赖于它):
     1>已完成在项目“libCocosStudio.vcxproj”中生成目标“AfterMidl”的操作。
     1>来自项目“D:\DEMO\release\TowerDefense\cocos2d\cocos\editor-support\cocostudio\proj.win32\libCocosStudio.vcxproj”的文件“C:\Program Files (x86)\MSBuild\Microsoft.Cpp\v4.0\V110\Microsoft.CppBuild.targets”中的目标“_Midl”(目标“_BuildGenerateSourcesAction”依赖于它):
     1>已完成在项目“libCocosStudio.vcxproj”中生成目标“_Midl”的操作。
     1>来自项目“D:\DEMO\release\TowerDefense\cocos2d\cocos\editor-support\cocostudio\proj.win32\libCocosStudio.vcxproj”的文件“C:\Program Files (x86)\MSBuild\Microsoft.Cpp\v4.0\V110\Microsoft.BuildSteps.Targets”中的目标“AfterBuildGenerateSources”(目标“_BuildGenerateSourcesAction”依赖于它):
     1>已完成在项目“libCocosStudio.vcxproj”中生成目标“AfterBuildGenerateSources”的操作。
     1>来自项目“D:\DEMO\release\TowerDefense\cocos2d\cocos\editor-support\cocostudio\proj.win32\libCocosStudio.vcxproj”的文件“C:\Program Files (x86)\MSBuild\Microsoft.Cpp\v4.0\V110\Microsoft.CppBuild.targets”中的目标“AfterBuildGenerateSourcesEvent”(目标“_BuildGenerateSourcesAction”依赖于它):
     1>已完成在项目“libCocosStudio.vcxproj”中生成目标“AfterBuildGenerateSourcesEvent”的操作。
     1>来自项目“D:\DEMO\release\TowerDefense\cocos2d\cocos\editor-support\cocostudio\proj.win32\libCocosStudio.vcxproj”的文件“C:\Program Files (x86)\MSBuild\Microsoft.Cpp\v4.0\V110\Microsoft.CppBuild.targets”中的目标“_BuildGenerateSourcesAction”(目标“BuildGenerateSources”依赖于它):
     1>已完成在项目“libCocosStudio.vcxproj”中生成目标“_BuildGenerateSourcesAction”的操作。
     1>来自项目“D:\DEMO\release\TowerDefense\cocos2d\cocos\editor-support\cocostudio\proj.win32\libCocosStudio.vcxproj”的文件“C:\Windows\Microsoft.NET\Framework\v4.0.30319\Microsoft.Common.Targets”中的目标“BuildGenerateSources”(目标“Build”依赖于它):
     1>已完成在项目“libCocosStudio.vcxproj”中生成目标“BuildGenerateSources”的操作。
       已跳过目标“AssignProjectConfiguration”。以前的生成已成功。
       已跳过目标“_SplitProjectReferencesByFileExistence”。以前的生成已成功。
     1>来自项目“D:\DEMO\release\TowerDefense\cocos2d\cocos\editor-support\cocostudio\proj.win32\libCocosStudio.vcxproj”的文件“C:\Windows\Microsoft.NET\Framework\v4.0.30319\Microsoft.Common.Targets”中的目标“BuildCompileTraverse”(目标“BuildCompile”依赖于它):
       由于 false 条件，已跳过任务“MSBuild”；('$(BuildPassReferences)' == 'true' and '@(ProjectReferenceWithConfiguration)' != '' and '@(_MSBuildProjectReferenceExistent)' != ''  and '%(_MSBuildProjectReferenceExistent.BuildReference)' == 'true')计算为('' == 'true' and '' != '' and '' != ''  and '' == 'true')。
     1>已完成在项目“libCocosStudio.vcxproj”中生成目标“BuildCompileTraverse”的操作。
       已跳过目标“PrepareForBuild”。以前的生成已成功。
       已跳过目标“ResolveReferences”。以前的生成已成功。
     1>来自项目“D:\DEMO\release\TowerDefense\cocos2d\cocos\editor-support\cocostudio\proj.win32\libCocosStudio.vcxproj”的文件“C:\Program Files (x86)\MSBuild\Microsoft.Cpp\v4.0\V110\Microsoft.CppBuild.targets”中的目标“BeforeClCompile”(目标“_ClCompile”依赖于它):
     1>已完成在项目“libCocosStudio.vcxproj”中生成目标“BeforeClCompile”的操作。
       已跳过目标“ComputeMIDLGeneratedCompileInputs”。以前的生成已成功。
     1>来自项目“D:\DEMO\release\TowerDefense\cocos2d\cocos\editor-support\cocostudio\proj.win32\libCocosStudio.vcxproj”的文件“C:\Program Files (x86)\MSBuild\Microsoft.Cpp\v4.0\V110\Microsoft.CppBuild.targets”中的目标“ComputeCLInputPDBName”(目标“_ClCompile”依赖于它):
     1>已完成在项目“libCocosStudio.vcxproj”中生成目标“ComputeCLInputPDBName”的操作。
       已跳过目标“ResolveReferences”。以前的生成已成功。
     1>来自项目“D:\DEMO\release\TowerDefense\cocos2d\cocos\editor-support\cocostudio\proj.win32\libCocosStudio.vcxproj”的文件“C:\Program Files (x86)\MSBuild\Microsoft.Cpp\v4.0\V110\Microsoft.CppBuild.targets”中的目标“ComputeReferenceCLInput”(目标“_ClCompile”依赖于它):
       由于 false 条件，已跳过任务“WriteLinesToFile”；(('@(_ReferenceCopyLocalPaths)'!='') and '$(DesignTimeBuild)' != 'true')计算为((''!='') and '' != 'true')。
       由于 false 条件，已跳过任务“Message”；('$(_REFERENCE_DEBUG)'=='true')计算为(''=='true')。
     1>已完成在项目“libCocosStudio.vcxproj”中生成目标“ComputeReferenceCLInput”的操作。
     1>来自项目“D:\DEMO\release\TowerDefense\cocos2d\cocos\editor-support\cocostudio\proj.win32\libCocosStudio.vcxproj”的文件“C:\Program Files (x86)\MSBuild\Microsoft.Cpp\v4.0\V110\Microsoft.CppBuild.targets”中的目标“MakeDirsForCl”(目标“_ClCompile”依赖于它):
       任务“MakeDir”
       已完成执行任务“MakeDir”的操作。
     1>已完成在项目“libCocosStudio.vcxproj”中生成目标“MakeDirsForCl”的操作。
       已跳过目标“PrepareForBuild”。以前的生成已成功。
       已跳过目标“SetBuildDefaultEnvironmentVariables”。以前的生成已成功。
       已跳过目标“SetUserMacroEnvironmentVariables”。以前的生成已成功。
     1>来自项目“D:\DEMO\release\TowerDefense\cocos2d\cocos\editor-support\cocostudio\proj.win32\libCocosStudio.vcxproj”的文件“C:\Program Files (x86)\MSBuild\Microsoft.Cpp\v4.0\V110\Microsoft.CppBuild.targets”中的目标“_SelectedFiles”(目标“SelectClCompile”依赖于它):
     1>已完成在项目“libCocosStudio.vcxproj”中生成目标“_SelectedFiles”的操作。
       已跳过目标“ComputeMIDLGeneratedCompileInputs”。以前的生成已成功。
       已跳过目标“ComputeCLInputPDBName”。以前的生成已成功。
       已跳过目标“ComputeReferenceCLInput”。以前的生成已成功。
       已跳过目标“_SelectedFiles”。以前的生成已成功。
     1>来自项目“D:\DEMO\release\TowerDefense\cocos2d\cocos\editor-support\cocostudio\proj.win32\libCocosStudio.vcxproj”的文件“C:\Program Files (x86)\MSBuild\Microsoft.Cpp\v4.0\V110\Microsoft.CppBuild.targets”中的目标“SelectCustomBuild”(目标“SelectClCompile”依赖于它):
     1>已完成在项目“libCocosStudio.vcxproj”中生成目标“SelectCustomBuild”的操作。
     1>来自项目“D:\DEMO\release\TowerDefense\cocos2d\cocos\editor-support\cocostudio\proj.win32\libCocosStudio.vcxproj”的文件“C:\Program Files (x86)\MSBuild\Microsoft.Cpp\v4.0\V110\Microsoft.CppBuild.targets”中的目标“SelectClCompile”(目标“ClCompile”依赖于它):
     1>已完成在项目“libCocosStudio.vcxproj”中生成目标“SelectClCompile”的操作。
       由于条件的计算结果为 false，已跳过目标“GenerateTargetFrameworkMonikerAttribute”；('$(GenerateTargetFrameworkAttribute)' == 'true')的计算结果为('false' == 'true')。
       由于条件的计算结果为 false，已跳过目标“ManagedIncrementalBuildPreProcessDependencyGraph”；('@(ClCompile)' != '' and '$(EnableManagedIncrementalBuild)' == 'True')的计算结果为('..\CCActionFrame.cpp;..\CCActionFrameEasing.cpp;..\CCActionManagerEx.cpp;..\CCActionNode.cpp;..\CCActionObject.cpp;..\CCArmature.cpp;..\CCArmatureAnimation.cpp;..\CCArmatureDataManager.cpp;..\CCArmatureDefine.cpp;..\CCBatchNode.cpp;..\CCBone.cpp;..\CCColliderDetector.cpp;..\CCComAttribute.cpp;..\CCComAudio.cpp;..\CCComController.cpp;..\CCComRender.cpp;..\CCDataReaderHelper.cpp;..\CCDatas.cpp;..\CCDecorativeDisplay.cpp;..\CCDisplayFactory.cpp;..\CCDisplayManager.cpp;..\CCInputDelegate.cpp;..\CCProcessBase.cpp;..\CCSGUIReader.cpp;..\CCSkin.cpp;..\CCSpriteFrameCacheHelper.cpp;..\CCSSceneReader.cpp;..\CCTransformHelp.cpp;..\CCTween.cpp;..\CCUtilMath.cpp;..\DictionaryHelper.cpp;..\ObjectFactory.cpp;..\TriggerBase.cpp;..\TriggerMng.cpp;..\TriggerObj.cpp;..\WidgetReader\ButtonReader\ButtonReader.cpp;..\WidgetReader\CheckBoxReader\CheckBoxReader.cpp;..\WidgetReader\ImageViewReader\ImageViewReader.cpp;..\WidgetReader\LayoutReader\LayoutReader.cpp;..\WidgetReader\ListViewReader\ListViewReader.cpp;..\WidgetReader\LoadingBarReader\LoadingBarReader.cpp;..\WidgetReader\PageViewReader\PageViewReader.cpp;..\WidgetReader\ScrollViewReader\ScrollViewReader.cpp;..\WidgetReader\SliderReader\SliderReader.cpp;..\WidgetReader\TextAtlasReader\TextAtlasReader.cpp;..\WidgetReader\TextBMFontReader\TextBMFontReader.cpp;..\WidgetReader\TextFieldReader\TextFieldReader.cpp;..\WidgetReader\TextReader\TextReader.cpp;..\WidgetReader\WidgetReader.cpp' != '' and 'false' == 'True')。
     1>来自项目“D:\DEMO\release\TowerDefense\cocos2d\cocos\editor-support\cocostudio\proj.win32\libCocosStudio.vcxproj”的文件“C:\Program Files (x86)\MSBuild\Microsoft.Cpp\v4.0\V110\Microsoft.CppCommon.targets”中的目标“ClCompile”(目标“_ClCompile”依赖于它):
       由于 false 条件，已跳过任务“Delete”；('%(ClCompile.DebugInformationFormat)' != '' and '%(ClCompile.DebugInformationFormat)' != 'OldStyle' and '%(ClCompile.ProgramDataBaseFileName)' != '' and !Exists(%(ClCompile.ProgramDataBaseFileName)))计算为('OldStyle' != '' and 'OldStyle' != 'OldStyle' and 'Debug.win32\vc110.pdb' != '' and !Exists(Debug.win32\vc110.pdb))。
       由于 false 条件，已跳过任务“CL”；('%(ClCompile.PrecompiledHeader)' == 'Create' and '%(ClCompile.ExcludedFromBuild)'!='true' and '%(ClCompile.CompilerIteration)' == '')计算为('NotUsing' == 'Create' and ''!='true' and '' == '')。
       正在使用程序集“Microsoft.Build.CppTasks.Common.v110, Version=4.0.0.0, Culture=neutral, PublicKeyToken=b03f5f7f11d50a3a”中的“CL”任务。
       任务“CL”
         Forcing rebuild of all source files due to missing command TLog "D:\DEMO\release\TowerDefense\cocos2d\cocos\editor-support\cocostudio\proj.win32\Debug.win32\cl.command.1.tlog".
         传递给工具的环境变量为:
           VS_UNICODE_OUTPUT=1000
         C:\Program Files (x86)\Microsoft Visual Studio 11.0\VC\bin\CL.exe /c /ID:\DEMO\release\TowerDefense\cocos2d\cocos\2d\..\..\ /ID:\DEMO\release\TowerDefense\cocos2d\cocos\2d\..\..\cocos /ID:\DEMO\release\TowerDefense\cocos2d\cocos\2d\..\..\cocos\audio\include /I"D:\DEMO\release\TowerDefense\cocos2d\cocos\2d\..\..\cocos\editor-support" /ID:\DEMO\release\TowerDefense\cocos2d\cocos\2d\..\..\external /ID:\DEMO\release\TowerDefense\cocos2d\cocos\2d\..\..\external\tinyxml2 /ID:\DEMO\release\TowerDefense\cocos2d\cocos\2d\..\..\external\chipmunk\include\chipmunk /ID:\DEMO\release\TowerDefense\cocos2d\cocos\2d\..\..\extensions /ID:\DEMO\release\TowerDefense\cocos2d\cocos\2d\..\..\cocos /ID:\DEMO\release\TowerDefense\cocos2d\cocos\2d\..\..\cocos\2d /ID:\DEMO\release\TowerDefense\cocos2d\cocos\2d\..\..\cocos\2d\renderer /ID:\DEMO\release\TowerDefense\cocos2d\cocos\2d\..\..\cocos\ui /ID:\DEMO\release\TowerDefense\cocos2d\cocos\2d\..\..\cocos\base /ID:\DEMO\release\TowerDefense\cocos2d\cocos\2d\..\..\cocos\physics /ID:\DEMO\release\TowerDefense\cocos2d\cocos\2d\..\..\cocos\math\kazmath /ID:\DEMO\release\TowerDefense\cocos2d\cocos\2d\..\..\cocos\2d\platform\win32 /ID:\DEMO\release\TowerDefense\cocos2d\cocos\2d\..\..\cocos\2d\platform\desktop /ID:\DEMO\release\TowerDefense\cocos2d\cocos\2d\..\..\external\glfw3\include\win32 /I"D:\DEMO\release\TowerDefense\cocos2d\cocos\2d\..\..\external\win32-specific\gles\include\OGLES" /Z7 /nologo /W3 /WX- /MP /Od /Oy- /D WIN32 /D _DEBUG /D _WINDOWS /D _LIB /D COCOS2DXWIN32_EXPORTS /D GL_GLEXT_PROTOTYPES /D COCOS2D_DEBUG=1 /D _CRT_SECURE_NO_WARNINGS /D _SCL_SECURE_NO_WARNINGS /D _VARIADIC_MAX=10 /D _UNICODE /D UNICODE /Gm- /EHsc /RTC1 /MDd /GS /fp:precise /Zc:wchar_t /Zc:forScope /Fo"Debug.win32\\" /Fd"Debug.win32\vc110.pdb" /Gd /TP /wd4267 /wd4251 /wd4244 /analyze- /errorReport:prompt ..\CCActionFrame.cpp ..\CCActionFrameEasing.cpp ..\CCActionManagerEx.cpp ..\CCActionNode.cpp ..\CCActionObject.cpp ..\CCArmature.cpp ..\CCArmatureAnimation.cpp ..\CCArmatureDataManager.cpp ..\CCArmatureDefine.cpp ..\CCBatchNode.cpp ..\CCBone.cpp ..\CCColliderDetector.cpp ..\CCComAttribute.cpp ..\CCComAudio.cpp ..\CCComController.cpp ..\CCComRender.cpp ..\CCDataReaderHelper.cpp ..\CCDatas.cpp ..\CCDecorativeDisplay.cpp ..\CCDisplayFactory.cpp ..\CCDisplayManager.cpp ..\CCInputDelegate.cpp ..\CCProcessBase.cpp ..\CCSGUIReader.cpp ..\CCSkin.cpp ..\CCSpriteFrameCacheHelper.cpp ..\CCSSceneReader.cpp ..\CCTransformHelp.cpp ..\CCTween.cpp ..\CCUtilMath.cpp ..\DictionaryHelper.cpp ..\ObjectFactory.cpp ..\TriggerBase.cpp ..\TriggerMng.cpp ..\TriggerObj.cpp ..\WidgetReader\ButtonReader\ButtonReader.cpp ..\WidgetReader\CheckBoxReader\CheckBoxReader.cpp ..\WidgetReader\ImageViewReader\ImageViewReader.cpp ..\WidgetReader\LayoutReader\LayoutReader.cpp ..\WidgetReader\ListViewReader\ListViewReader.cpp ..\WidgetReader\LoadingBarReader\LoadingBarReader.cpp ..\WidgetReader\PageViewReader\PageViewReader.cpp ..\WidgetReader\ScrollViewReader\ScrollViewReader.cpp ..\WidgetReader\SliderReader\SliderReader.cpp ..\WidgetReader\TextAtlasReader\TextAtlasReader.cpp ..\WidgetReader\TextBMFontReader\TextBMFontReader.cpp ..\WidgetReader\TextFieldReader\TextFieldReader.cpp ..\WidgetReader\TextReader\TextReader.cpp ..\WidgetReader\WidgetReader.cpp
         Tracking command:
         C:\Program Files (x86)\Microsoft SDKs\Windows\v8.0A\bin\NETFX 4.0 Tools\Tracker.exe /d C:\Windows\Microsoft.NET\Framework\v4.0.30319\FileTracker.dll /i D:\DEMO\release\TowerDefense\cocos2d\cocos\editor-support\cocostudio\proj.win32\Debug.win32 /r "D:\DEMO\RELEASE\TOWERDEFENSE\COCOS2D\COCOS\EDITOR-SUPPORT\COCOSTUDIO\CCACTIONFRAME.CPP|D:\DEMO\RELEASE\TOWERDEFENSE\COCOS2D\COCOS\EDITOR-SUPPORT\COCOSTUDIO\CCACTIONFRAMEEASING.CPP|D:\DEMO\RELEASE\TOWERDEFENSE\COCOS2D\COCOS\EDITOR-SUPPORT\COCOSTUDIO\CCACTIONMANAGEREX.CPP|D:\DEMO\RELEASE\TOWERDEFENSE\COCOS2D\COCOS\EDITOR-SUPPORT\COCOSTUDIO\CCACTIONNODE.CPP|D:\DEMO\RELEASE\TOWERDEFENSE\COCOS2D\COCOS\EDITOR-SUPPORT\COCOSTUDIO\CCACTIONOBJECT.CPP|D:\DEMO\RELEASE\TOWERDEFENSE\COCOS2D\COCOS\EDITOR-SUPPORT\COCOSTUDIO\CCARMATURE.CPP|D:\DEMO\RELEASE\TOWERDEFENSE\COCOS2D\COCOS\EDITOR-SUPPORT\COCOSTUDIO\CCARMATUREANIMATION.CPP|D:\DEMO\RELEASE\TOWERDEFENSE\COCOS2D\COCOS\EDITOR-SUPPORT\COCOSTUDIO\CCARMATUREDATAMANAGER.CPP|D:\DEMO\RELEASE\TOWERDEFENSE\COCOS2D\COCOS\EDITOR-SUPPORT\COCOSTUDIO\CCARMATUREDEFINE.CPP|D:\DEMO\RELEASE\TOWERDEFENSE\COCOS2D\COCOS\EDITOR-SUPPORT\COCOSTUDIO\CCBATCHNODE.CPP|D:\DEMO\RELEASE\TOWERDEFENSE\COCOS2D\COCOS\EDITOR-SUPPORT\COCOSTUDIO\CCBONE.CPP|D:\DEMO\RELEASE\TOWERDEFENSE\COCOS2D\COCOS\EDITOR-SUPPORT\COCOSTUDIO\CCCOLLIDERDETECTOR.CPP|D:\DEMO\RELEASE\TOWERDEFENSE\COCOS2D\COCOS\EDITOR-SUPPORT\COCOSTUDIO\CCCOMATTRIBUTE.CPP|D:\DEMO\RELEASE\TOWERDEFENSE\COCOS2D\COCOS\EDITOR-SUPPORT\COCOSTUDIO\CCCOMAUDIO.CPP|D:\DEMO\RELEASE\TOWERDEFENSE\COCOS2D\COCOS\EDITOR-SUPPORT\COCOSTUDIO\CCCOMCONTROLLER.CPP|D:\DEMO\RELEASE\TOWERDEFENSE\COCOS2D\COCOS\EDITOR-SUPPORT\COCOSTUDIO\CCCOMRENDER.CPP|D:\DEMO\RELEASE\TOWERDEFENSE\COCOS2D\COCOS\EDITOR-SUPPORT\COCOSTUDIO\CCDATAREADERHELPER.CPP|D:\DEMO\RELEASE\TOWERDEFENSE\COCOS2D\COCOS\EDITOR-SUPPORT\COCOSTUDIO\CCDATAS.CPP|D:\DEMO\RELEASE\TOWERDEFENSE\COCOS2D\COCOS\EDITOR-SUPPORT\COCOSTUDIO\CCDECORATIVEDISPLAY.CPP|D:\DEMO\RELEASE\TOWERDEFENSE\COCOS2D\COCOS\EDITOR-SUPPORT\COCOSTUDIO\CCDISPLAYFACTORY.CPP|D:\DEMO\RELEASE\TOWERDEFENSE\COCOS2D\COCOS\EDITOR-SUPPORT\COCOSTUDIO\CCDISPLAYMANAGER.CPP|D:\DEMO\RELEASE\TOWERDEFENSE\COCOS2D\COCOS\EDITOR-SUPPORT\COCOSTUDIO\CCINPUTDELEGATE.CPP|D:\DEMO\RELEASE\TOWERDEFENSE\COCOS2D\COCOS\EDITOR-SUPPORT\COCOSTUDIO\CCPROCESSBASE.CPP|D:\DEMO\RELEASE\TOWERDEFENSE\COCOS2D\COCOS\EDITOR-SUPPORT\COCOSTUDIO\CCSGUIREADER.CPP|D:\DEMO\RELEASE\TOWERDEFENSE\COCOS2D\COCOS\EDITOR-SUPPORT\COCOSTUDIO\CCSKIN.CPP|D:\DEMO\RELEASE\TOWERDEFENSE\COCOS2D\COCOS\EDITOR-SUPPORT\COCOSTUDIO\CCSPRITEFRAMECACHEHELPER.CPP|D:\DEMO\RELEASE\TOWERDEFENSE\COCOS2D\COCOS\EDITOR-SUPPORT\COCOSTUDIO\CCSSCENEREADER.CPP|D:\DEMO\RELEASE\TOWERDEFENSE\COCOS2D\COCOS\EDITOR-SUPPORT\COCOSTUDIO\CCTRANSFORMHELP.CPP|D:\DEMO\RELEASE\TOWERDEFENSE\COCOS2D\COCOS\EDITOR-SUPPORT\COCOSTUDIO\CCTWEEN.CPP|D:\DEMO\RELEASE\TOWERDEFENSE\COCOS2D\COCOS\EDITOR-SUPPORT\COCOSTUDIO\CCUTILMATH.CPP|D:\DEMO\RELEASE\TOWERDEFENSE\COCOS2D\COCOS\EDITOR-SUPPORT\COCOSTUDIO\DICTIONARYHELPER.CPP|D:\DEMO\RELEASE\TOWERDEFENSE\COCOS2D\COCOS\EDITOR-SUPPORT\COCOSTUDIO\OBJECTFACTORY.CPP|D:\DEMO\RELEASE\TOWERDEFENSE\COCOS2D\COCOS\EDITOR-SUPPORT\COCOSTUDIO\TRIGGERBASE.CPP|D:\DEMO\RELEASE\TOWERDEFENSE\COCOS2D\COCOS\EDITOR-SUPPORT\COCOSTUDIO\TRIGGERMNG.CPP|D:\DEMO\RELEASE\TOWERDEFENSE\COCOS2D\COCOS\EDITOR-SUPPORT\COCOSTUDIO\TRIGGEROBJ.CPP|D:\DEMO\RELEASE\TOWERDEFENSE\COCOS2D\COCOS\EDITOR-SUPPORT\COCOSTUDIO\WIDGETREADER\BUTTONREADER\BUTTONREADER.CPP|D:\DEMO\RELEASE\TOWERDEFENSE\COCOS2D\COCOS\EDITOR-SUPPORT\COCOSTUDIO\WIDGETREADER\CHECKBOXREADER\CHECKBOXREADER.CPP|D:\DEMO\RELEASE\TOWERDEFENSE\COCOS2D\COCOS\EDITOR-SUPPORT\COCOSTUDIO\WIDGETREADER\IMAGEVIEWREADER\IMAGEVIEWREADER.CPP|D:\DEMO\RELEASE\TOWERDEFENSE\COCOS2D\COCOS\EDITOR-SUPPORT\COCOSTUDIO\WIDGETREADER\LAYOUTREADER\LAYOUTREADER.CPP|D:\DEMO\RELEASE\TOWERDEFENSE\COCOS2D\COCOS\EDITOR-SUPPORT\COCOSTUDIO\WIDGETREADER\LISTVIEWREADER\LISTVIEWREADER.CPP|D:\DEMO\RELEASE\TOWERDEFENSE\COCOS2D\COCOS\EDITOR-SUPPORT\COCOSTUDIO\WIDGETREADER\LOADINGBARREADER\LOADINGBARREADER.CPP|D:\DEMO\RELEASE\TOWERDEFENSE\COCOS2D\COCOS\EDITOR-SUPPORT\COCOSTUDIO\WIDGETREADER\PAGEVIEWREADER\PAGEVIEWREADER.CPP|D:\DEMO\RELEASE\TOWERDEFENSE\COCOS2D\COCOS\EDITOR-SUPPORT\COCOSTUDIO\WIDGETREADER\SCROLLVIEWREADER\SCROLLVIEWREADER.CPP|D:\DEMO\RELEASE\TOWERDEFENSE\COCOS2D\COCOS\EDITOR-SUPPORT\COCOSTUDIO\WIDGETREADER\SLIDERREADER\SLIDERREADER.CPP|D:\DEMO\RELEASE\TOWERDEFENSE\COCOS2D\COCOS\EDITOR-SUPPORT\COCOSTUDIO\WIDGETREADER\TEXTATLASREADER\TEXTATLASREADER.CPP|D:\DEMO\RELEASE\TOWERDEFENSE\COCOS2D\COCOS\EDITOR-SUPPORT\COCOSTUDIO\WIDGETREADER\TEXTBMFONTREADER\TEXTBMFONTREADER.CPP|D:\DEMO\RELEASE\TOWERDEFENSE\COCOS2D\COCOS\EDITOR-SUPPORT\COCOSTUDIO\WIDGETREADER\TEXTFIELDREADER\TEXTFIELDREADER.CPP|D:\DEMO\RELEASE\TOWERDEFENSE\COCOS2D\COCOS\EDITOR-SUPPORT\COCOSTUDIO\WIDGETREADER\TEXTREADER\TEXTREADER.CPP|D:\DEMO\RELEASE\TOWERDEFENSE\COCOS2D\COCOS\EDITOR-SUPPORT\COCOSTUDIO\WIDGETREADER\WIDGETREADER.CPP" /b MSBuildConsole_CancelEvent1a3c45bdc6d2469aa5b1a05228345144  /c "C:\Program Files (x86)\Microsoft Visual Studio 11.0\VC\bin\CL.exe"  /c /ID:\DEMO\release\TowerDefense\cocos2d\cocos\2d\..\..\ /ID:\DEMO\release\TowerDefense\cocos2d\cocos\2d\..\..\cocos /ID:\DEMO\release\TowerDefense\cocos2d\cocos\2d\..\..\cocos\audio\include /I"D:\DEMO\release\TowerDefense\cocos2d\cocos\2d\..\..\cocos\editor-support" /ID:\DEMO\release\TowerDefense\cocos2d\cocos\2d\..\..\external /ID:\DEMO\release\TowerDefense\cocos2d\cocos\2d\..\..\external\tinyxml2 /ID:\DEMO\release\TowerDefense\cocos2d\cocos\2d\..\..\external\chipmunk\include\chipmunk /ID:\DEMO\release\TowerDefense\cocos2d\cocos\2d\..\..\extensions /ID:\DEMO\release\TowerDefense\cocos2d\cocos\2d\..\..\cocos /ID:\DEMO\release\TowerDefense\cocos2d\cocos\2d\..\..\cocos\2d /ID:\DEMO\release\TowerDefense\cocos2d\cocos\2d\..\..\cocos\2d\renderer /ID:\DEMO\release\TowerDefense\cocos2d\cocos\2d\..\..\cocos\ui /ID:\DEMO\release\TowerDefense\cocos2d\cocos\2d\..\..\cocos\base /ID:\DEMO\release\TowerDefense\cocos2d\cocos\2d\..\..\cocos\physics /ID:\DEMO\release\TowerDefense\cocos2d\cocos\2d\..\..\cocos\math\kazmath /ID:\DEMO\release\TowerDefense\cocos2d\cocos\2d\..\..\cocos\2d\platform\win32 /ID:\DEMO\release\TowerDefense\cocos2d\cocos\2d\..\..\cocos\2d\platform\desktop /ID:\DEMO\release\TowerDefense\cocos2d\cocos\2d\..\..\external\glfw3\include\win32 /I"D:\DEMO\release\TowerDefense\cocos2d\cocos\2d\..\..\external\win32-specific\gles\include\OGLES" /Z7 /nologo /W3 /WX- /MP /Od /Oy- /D WIN32 /D _DEBUG /D _WINDOWS /D _LIB /D COCOS2DXWIN32_EXPORTS /D GL_GLEXT_PROTOTYPES /D COCOS2D_DEBUG=1 /D _CRT_SECURE_NO_WARNINGS /D _SCL_SECURE_NO_WARNINGS /D _VARIADIC_MAX=10 /D _UNICODE /D UNICODE /Gm- /EHsc /RTC1 /MDd /GS /fp:precise /Zc:wchar_t /Zc:forScope /Fo"Debug.win32\\" /Fd"Debug.win32\vc110.pdb" /Gd /TP /wd4267 /wd4251 /wd4244 /analyze- /errorReport:prompt ..\CCActionFrame.cpp ..\CCActionFrameEasing.cpp ..\CCActionManagerEx.cpp ..\CCActionNode.cpp ..\CCActionObject.cpp ..\CCArmature.cpp ..\CCArmatureAnimation.cpp ..\CCArmatureDataManager.cpp ..\CCArmatureDefine.cpp ..\CCBatchNode.cpp ..\CCBone.cpp ..\CCColliderDetector.cpp ..\CCComAttribute.cpp ..\CCComAudio.cpp ..\CCComController.cpp ..\CCComRender.cpp ..\CCDataReaderHelper.cpp ..\CCDatas.cpp ..\CCDecorativeDisplay.cpp ..\CCDisplayFactory.cpp ..\CCDisplayManager.cpp ..\CCInputDelegate.cpp ..\CCProcessBase.cpp ..\CCSGUIReader.cpp ..\CCSkin.cpp ..\CCSpriteFrameCacheHelper.cpp ..\CCSSceneReader.cpp ..\CCTransformHelp.cpp ..\CCTween.cpp ..\CCUtilMath.cpp ..\DictionaryHelper.cpp ..\ObjectFactory.cpp ..\TriggerBase.cpp ..\TriggerMng.cpp ..\TriggerObj.cpp ..\WidgetReader\ButtonReader\ButtonReader.cpp ..\WidgetReader\CheckBoxReader\CheckBoxReader.cpp ..\WidgetReader\ImageViewReader\ImageViewReader.cpp ..\WidgetReader\LayoutReader\LayoutReader.cpp ..\WidgetReader\ListViewReader\ListViewReader.cpp ..\WidgetReader\LoadingBarReader\LoadingBarReader.cpp ..\WidgetReader\PageViewReader\PageViewReader.cpp ..\WidgetReader\ScrollViewReader\ScrollViewReader.cpp ..\WidgetReader\SliderReader\SliderReader.cpp ..\WidgetReader\TextAtlasReader\TextAtlasReader.cpp ..\WidgetReader\TextBMFontReader\TextBMFontReader.cpp ..\WidgetReader\TextFieldReader\TextFieldReader.cpp ..\WidgetReader\TextReader\TextReader.cpp ..\WidgetReader\WidgetReader.cpp
         CCActionFrame.cpp
         CCActionFrameEasing.cpp
         CCActionManagerEx.cpp
         CCActionNode.cpp
         CCActionObject.cpp
         CCArmature.cpp
         CCArmatureAnimation.cpp
         CCArmatureDataManager.cpp
     1>D:\DEMO\release\TowerDefense\cocos2d\cocos\ui/UIWidget.h(541): warning C4996: 'cocos2d::Object': 被声明为已否决 (..\CCActionNode.cpp)
                 D:\DEMO\release\TowerDefense\cocos2d\cocos\deprecated/CCDeprecated.h(537) : 参见“cocos2d::Object”的声明
     1>D:\DEMO\release\TowerDefense\cocos2d\cocos\ui/UIWidget.h(285): warning C4996: 'cocos2d::Object': 被声明为已否决 (..\CCActionNode.cpp)
                 D:\DEMO\release\TowerDefense\cocos2d\cocos\deprecated/CCDeprecated.h(537) : 参见“cocos2d::Object”的声明
         CCArmatureDefine.cpp
         CCBatchNode.cpp
         CCBone.cpp
         CCColliderDetector.cpp
         CCComAttribute.cpp
         CCComAudio.cpp
         CCComController.cpp
         CCComRender.cpp
         CCDataReaderHelper.cpp
         CCDatas.cpp
     1>D:\DEMO\release\TowerDefense\cocos2d\cocos\ui/UIWidget.h(541): warning C4996: 'cocos2d::Object': 被声明为已否决 (..\CCComRender.cpp)
                 D:\DEMO\release\TowerDefense\cocos2d\cocos\deprecated/CCDeprecated.h(537) : 参见“cocos2d::Object”的声明
     1>D:\DEMO\release\TowerDefense\cocos2d\cocos\ui/UIWidget.h(285): warning C4996: 'cocos2d::Object': 被声明为已否决 (..\CCComRender.cpp)
                 D:\DEMO\release\TowerDefense\cocos2d\cocos\deprecated/CCDeprecated.h(537) : 参见“cocos2d::Object”的声明
         CCDecorativeDisplay.cpp
         CCDisplayFactory.cpp
         CCDisplayManager.cpp
         CCInputDelegate.cpp
         CCProcessBase.cpp
         CCSGUIReader.cpp
         CCSkin.cpp
         CCSpriteFrameCacheHelper.cpp
         CCSSceneReader.cpp
     1>D:\DEMO\release\TowerDefense\cocos2d\cocos\ui/UIWidget.h(541): warning C4996: 'cocos2d::Object': 被声明为已否决 (..\CCSGUIReader.cpp)
                 D:\DEMO\release\TowerDefense\cocos2d\cocos\deprecated/CCDeprecated.h(537) : 参见“cocos2d::Object”的声明
     1>D:\DEMO\release\TowerDefense\cocos2d\cocos\ui/UIWidget.h(285): warning C4996: 'cocos2d::Object': 被声明为已否决 (..\CCSGUIReader.cpp)
                 D:\DEMO\release\TowerDefense\cocos2d\cocos\deprecated/CCDeprecated.h(537) : 参见“cocos2d::Object”的声明
         CCTransformHelp.cpp
     1>D:\DEMO\release\TowerDefense\cocos2d\cocos\ui/UIWidget.h(541): warning C4996: 'cocos2d::Object': 被声明为已否决 (..\CCSSceneReader.cpp)
                 D:\DEMO\release\TowerDefense\cocos2d\cocos\deprecated/CCDeprecated.h(537) : 参见“cocos2d::Object”的声明
     1>D:\DEMO\release\TowerDefense\cocos2d\cocos\ui/UIWidget.h(285): warning C4996: 'cocos2d::Object': 被声明为已否决 (..\CCSSceneReader.cpp)
                 D:\DEMO\release\TowerDefense\cocos2d\cocos\deprecated/CCDeprecated.h(537) : 参见“cocos2d::Object”的声明
         CCTween.cpp
         CCUtilMath.cpp
         DictionaryHelper.cpp
         ObjectFactory.cpp
         TriggerBase.cpp
         TriggerMng.cpp
         TriggerObj.cpp
     1>D:\DEMO\release\TowerDefense\cocos2d\cocos\ui/UIWidget.h(541): warning C4996: 'cocos2d::Object': 被声明为已否决 (..\ObjectFactory.cpp)
                 D:\DEMO\release\TowerDefense\cocos2d\cocos\deprecated/CCDeprecated.h(537) : 参见“cocos2d::Object”的声明
     1>D:\DEMO\release\TowerDefense\cocos2d\cocos\ui/UIWidget.h(285): warning C4996: 'cocos2d::Object': 被声明为已否决 (..\ObjectFactory.cpp)
                 D:\DEMO\release\TowerDefense\cocos2d\cocos\deprecated/CCDeprecated.h(537) : 参见“cocos2d::Object”的声明
         ButtonReader.cpp
     1>D:\DEMO\release\TowerDefense\cocos2d\cocos\ui/UIWidget.h(541): warning C4996: 'cocos2d::Object': 被声明为已否决 (..\TriggerMng.cpp)
                 D:\DEMO\release\TowerDefense\cocos2d\cocos\deprecated/CCDeprecated.h(537) : 参见“cocos2d::Object”的声明
     1>D:\DEMO\release\TowerDefense\cocos2d\cocos\ui/UIWidget.h(285): warning C4996: 'cocos2d::Object': 被声明为已否决 (..\TriggerMng.cpp)
                 D:\DEMO\release\TowerDefense\cocos2d\cocos\deprecated/CCDeprecated.h(537) : 参见“cocos2d::Object”的声明
     1>D:\DEMO\release\TowerDefense\cocos2d\cocos\ui/UIWidget.h(541): warning C4996: 'cocos2d::Object': 被声明为已否决 (..\TriggerObj.cpp)
                 D:\DEMO\release\TowerDefense\cocos2d\cocos\deprecated/CCDeprecated.h(537) : 参见“cocos2d::Object”的声明
     1>D:\DEMO\release\TowerDefense\cocos2d\cocos\ui/UIWidget.h(285): warning C4996: 'cocos2d::Object': 被声明为已否决 (..\TriggerObj.cpp)
                 D:\DEMO\release\TowerDefense\cocos2d\cocos\deprecated/CCDeprecated.h(537) : 参见“cocos2d::Object”的声明
         CheckBoxReader.cpp
         ImageViewReader.cpp
     1>D:\DEMO\release\TowerDefense\cocos2d\cocos\ui/UIWidget.h(541): warning C4996: 'cocos2d::Object': 被声明为已否决 (..\TriggerBase.cpp)
                 D:\DEMO\release\TowerDefense\cocos2d\cocos\deprecated/CCDeprecated.h(537) : 参见“cocos2d::Object”的声明
     1>D:\DEMO\release\TowerDefense\cocos2d\cocos\ui/UIWidget.h(285): warning C4996: 'cocos2d::Object': 被声明为已否决 (..\TriggerBase.cpp)
                 D:\DEMO\release\TowerDefense\cocos2d\cocos\deprecated/CCDeprecated.h(537) : 参见“cocos2d::Object”的声明
     1>D:\DEMO\release\TowerDefense\cocos2d\cocos\ui/UIWidget.h(541): warning C4996: 'cocos2d::Object': 被声明为已否决 (..\WidgetReader\ButtonReader\ButtonReader.cpp)
                 D:\DEMO\release\TowerDefense\cocos2d\cocos\deprecated/CCDeprecated.h(537) : 参见“cocos2d::Object”的声明
     1>D:\DEMO\release\TowerDefense\cocos2d\cocos\ui/UIWidget.h(285): warning C4996: 'cocos2d::Object': 被声明为已否决 (..\WidgetReader\ButtonReader\ButtonReader.cpp)
                 D:\DEMO\release\TowerDefense\cocos2d\cocos\deprecated/CCDeprecated.h(537) : 参见“cocos2d::Object”的声明
         LayoutReader.cpp
         ListViewReader.cpp
     1>D:\DEMO\release\TowerDefense\cocos2d\cocos\ui/UIWidget.h(541): warning C4996: 'cocos2d::Object': 被声明为已否决 (..\WidgetReader\ImageViewReader\ImageViewReader.cpp)
                 D:\DEMO\release\TowerDefense\cocos2d\cocos\deprecated/CCDeprecated.h(537) : 参见“cocos2d::Object”的声明
     1>D:\DEMO\release\TowerDefense\cocos2d\cocos\ui/UIWidget.h(541): warning C4996: 'cocos2d::Object': 被声明为已否决 (..\WidgetReader\CheckBoxReader\CheckBoxReader.cpp)
                 D:\DEMO\release\TowerDefense\cocos2d\cocos\deprecated/CCDeprecated.h(537) : 参见“cocos2d::Object”的声明
     1>D:\DEMO\release\TowerDefense\cocos2d\cocos\ui/UIWidget.h(285): warning C4996: 'cocos2d::Object': 被声明为已否决 (..\WidgetReader\CheckBoxReader\CheckBoxReader.cpp)
                 D:\DEMO\release\TowerDefense\cocos2d\cocos\deprecated/CCDeprecated.h(537) : 参见“cocos2d::Object”的声明
     1>D:\DEMO\release\TowerDefense\cocos2d\cocos\ui/UIWidget.h(285): warning C4996: 'cocos2d::Object': 被声明为已否决 (..\WidgetReader\ImageViewReader\ImageViewReader.cpp)
                 D:\DEMO\release\TowerDefense\cocos2d\cocos\deprecated/CCDeprecated.h(537) : 参见“cocos2d::Object”的声明
         LoadingBarReader.cpp
         PageViewReader.cpp
     1>D:\DEMO\release\TowerDefense\cocos2d\cocos\ui/UIWidget.h(541): warning C4996: 'cocos2d::Object': 被声明为已否决 (..\WidgetReader\LayoutReader\LayoutReader.cpp)
                 D:\DEMO\release\TowerDefense\cocos2d\cocos\deprecated/CCDeprecated.h(537) : 参见“cocos2d::Object”的声明
     1>D:\DEMO\release\TowerDefense\cocos2d\cocos\ui/UIWidget.h(285): warning C4996: 'cocos2d::Object': 被声明为已否决 (..\WidgetReader\LayoutReader\LayoutReader.cpp)
                 D:\DEMO\release\TowerDefense\cocos2d\cocos\deprecated/CCDeprecated.h(537) : 参见“cocos2d::Object”的声明
         ScrollViewReader.cpp
     1>D:\DEMO\release\TowerDefense\cocos2d\cocos\ui/UIWidget.h(541): warning C4996: 'cocos2d::Object': 被声明为已否决 (..\WidgetReader\ListViewReader\ListViewReader.cpp)
                 D:\DEMO\release\TowerDefense\cocos2d\cocos\deprecated/CCDeprecated.h(537) : 参见“cocos2d::Object”的声明
     1>D:\DEMO\release\TowerDefense\cocos2d\cocos\ui/UIWidget.h(285): warning C4996: 'cocos2d::Object': 被声明为已否决 (..\WidgetReader\ListViewReader\ListViewReader.cpp)
                 D:\DEMO\release\TowerDefense\cocos2d\cocos\deprecated/CCDeprecated.h(537) : 参见“cocos2d::Object”的声明
         SliderReader.cpp
     1>D:\DEMO\release\TowerDefense\cocos2d\cocos\ui/UIWidget.h(541): warning C4996: 'cocos2d::Object': 被声明为已否决 (..\WidgetReader\LoadingBarReader\LoadingBarReader.cpp)
                 D:\DEMO\release\TowerDefense\cocos2d\cocos\deprecated/CCDeprecated.h(537) : 参见“cocos2d::Object”的声明
     1>D:\DEMO\release\TowerDefense\cocos2d\cocos\ui/UIWidget.h(285): warning C4996: 'cocos2d::Object': 被声明为已否决 (..\WidgetReader\LoadingBarReader\LoadingBarReader.cpp)
                 D:\DEMO\release\TowerDefense\cocos2d\cocos\deprecated/CCDeprecated.h(537) : 参见“cocos2d::Object”的声明
     1>D:\DEMO\release\TowerDefense\cocos2d\cocos\ui/UIWidget.h(541): warning C4996: 'cocos2d::Object': 被声明为已否决 (..\WidgetReader\PageViewReader\PageViewReader.cpp)
                 D:\DEMO\release\TowerDefense\cocos2d\cocos\deprecated/CCDeprecated.h(537) : 参见“cocos2d::Object”的声明
     1>D:\DEMO\release\TowerDefense\cocos2d\cocos\ui/UIWidget.h(285): warning C4996: 'cocos2d::Object': 被声明为已否决 (..\WidgetReader\PageViewReader\PageViewReader.cpp)
                 D:\DEMO\release\TowerDefense\cocos2d\cocos\deprecated/CCDeprecated.h(537) : 参见“cocos2d::Object”的声明
         TextAtlasReader.cpp
         TextBMFontReader.cpp
     1>D:\DEMO\release\TowerDefense\cocos2d\cocos\ui/UIWidget.h(541): warning C4996: 'cocos2d::Object': 被声明为已否决 (..\WidgetReader\ScrollViewReader\ScrollViewReader.cpp)
                 D:\DEMO\release\TowerDefense\cocos2d\cocos\deprecated/CCDeprecated.h(537) : 参见“cocos2d::Object”的声明
     1>D:\DEMO\release\TowerDefense\cocos2d\cocos\ui/UIWidget.h(285): warning C4996: 'cocos2d::Object': 被声明为已否决 (..\WidgetReader\ScrollViewReader\ScrollViewReader.cpp)
                 D:\DEMO\release\TowerDefense\cocos2d\cocos\deprecated/CCDeprecated.h(537) : 参见“cocos2d::Object”的声明
     1>D:\DEMO\release\TowerDefense\cocos2d\cocos\ui/UIWidget.h(541): warning C4996: 'cocos2d::Object': 被声明为已否决 (..\WidgetReader\SliderReader\SliderReader.cpp)
                 D:\DEMO\release\TowerDefense\cocos2d\cocos\deprecated/CCDeprecated.h(537) : 参见“cocos2d::Object”的声明
     1>D:\DEMO\release\TowerDefense\cocos2d\cocos\ui/UIWidget.h(285): warning C4996: 'cocos2d::Object': 被声明为已否决 (..\WidgetReader\SliderReader\SliderReader.cpp)
                 D:\DEMO\release\TowerDefense\cocos2d\cocos\deprecated/CCDeprecated.h(537) : 参见“cocos2d::Object”的声明
         TextFieldReader.cpp
         TextReader.cpp
     1>D:\DEMO\release\TowerDefense\cocos2d\cocos\ui/UIWidget.h(541): warning C4996: 'cocos2d::Object': 被声明为已否决 (..\WidgetReader\TextBMFontReader\TextBMFontReader.cpp)
                 D:\DEMO\release\TowerDefense\cocos2d\cocos\deprecated/CCDeprecated.h(537) : 参见“cocos2d::Object”的声明
     1>D:\DEMO\release\TowerDefense\cocos2d\cocos\ui/UIWidget.h(285): warning C4996: 'cocos2d::Object': 被声明为已否决 (..\WidgetReader\TextBMFontReader\TextBMFontReader.cpp)
                 D:\DEMO\release\TowerDefense\cocos2d\cocos\deprecated/CCDeprecated.h(537) : 参见“cocos2d::Object”的声明
         WidgetReader.cpp
     1>D:\DEMO\release\TowerDefense\cocos2d\cocos\ui/UIWidget.h(541): warning C4996: 'cocos2d::Object': 被声明为已否决 (..\WidgetReader\TextAtlasReader\TextAtlasReader.cpp)
                 D:\DEMO\release\TowerDefense\cocos2d\cocos\deprecated/CCDeprecated.h(537) : 参见“cocos2d::Object”的声明
     1>D:\DEMO\release\TowerDefense\cocos2d\cocos\ui/UIWidget.h(285): warning C4996: 'cocos2d::Object': 被声明为已否决 (..\WidgetReader\TextAtlasReader\TextAtlasReader.cpp)
                 D:\DEMO\release\TowerDefense\cocos2d\cocos\deprecated/CCDeprecated.h(537) : 参见“cocos2d::Object”的声明
     1>D:\DEMO\release\TowerDefense\cocos2d\cocos\ui/UIWidget.h(541): warning C4996: 'cocos2d::Object': 被声明为已否决 (..\WidgetReader\TextReader\TextReader.cpp)
                 D:\DEMO\release\TowerDefense\cocos2d\cocos\deprecated/CCDeprecated.h(537) : 参见“cocos2d::Object”的声明
     1>D:\DEMO\release\TowerDefense\cocos2d\cocos\ui/UIWidget.h(285): warning C4996: 'cocos2d::Object': 被声明为已否决 (..\WidgetReader\TextReader\TextReader.cpp)
                 D:\DEMO\release\TowerDefense\cocos2d\cocos\deprecated/CCDeprecated.h(537) : 参见“cocos2d::Object”的声明
     1>D:\DEMO\release\TowerDefense\cocos2d\cocos\ui/UIWidget.h(541): warning C4996: 'cocos2d::Object': 被声明为已否决 (..\WidgetReader\TextFieldReader\TextFieldReader.cpp)
                 D:\DEMO\release\TowerDefense\cocos2d\cocos\deprecated/CCDeprecated.h(537) : 参见“cocos2d::Object”的声明
     1>D:\DEMO\release\TowerDefense\cocos2d\cocos\ui/UIWidget.h(285): warning C4996: 'cocos2d::Object': 被声明为已否决 (..\WidgetReader\TextFieldReader\TextFieldReader.cpp)
                 D:\DEMO\release\TowerDefense\cocos2d\cocos\deprecated/CCDeprecated.h(537) : 参见“cocos2d::Object”的声明
     1>D:\DEMO\release\TowerDefense\cocos2d\cocos\ui/UIWidget.h(541): warning C4996: 'cocos2d::Object': 被声明为已否决 (..\WidgetReader\WidgetReader.cpp)
                 D:\DEMO\release\TowerDefense\cocos2d\cocos\deprecated/CCDeprecated.h(537) : 参见“cocos2d::Object”的声明
     1>D:\DEMO\release\TowerDefense\cocos2d\cocos\ui/UIWidget.h(285): warning C4996: 'cocos2d::Object': 被声明为已否决 (..\WidgetReader\WidgetReader.cpp)
                 D:\DEMO\release\TowerDefense\cocos2d\cocos\deprecated/CCDeprecated.h(537) : 参见“cocos2d::Object”的声明
       已完成执行任务“CL”的操作。
     1>已完成在项目“libCocosStudio.vcxproj”中生成目标“ClCompile”的操作。
       由于条件的计算结果为 false，已跳过目标“ManagedIncrementalBuildPostProcessDependencyGraph”；('@(ClCompile)' != '' and '$(EnableManagedIncrementalBuild)' == 'True')的计算结果为('..\CCActionFrame.cpp;..\CCActionFrameEasing.cpp;..\CCActionManagerEx.cpp;..\CCActionNode.cpp;..\CCActionObject.cpp;..\CCArmature.cpp;..\CCArmatureAnimation.cpp;..\CCArmatureDataManager.cpp;..\CCArmatureDefine.cpp;..\CCBatchNode.cpp;..\CCBone.cpp;..\CCColliderDetector.cpp;..\CCComAttribute.cpp;..\CCComAudio.cpp;..\CCComController.cpp;..\CCComRender.cpp;..\CCDataReaderHelper.cpp;..\CCDatas.cpp;..\CCDecorativeDisplay.cpp;..\CCDisplayFactory.cpp;..\CCDisplayManager.cpp;..\CCInputDelegate.cpp;..\CCProcessBase.cpp;..\CCSGUIReader.cpp;..\CCSkin.cpp;..\CCSpriteFrameCacheHelper.cpp;..\CCSSceneReader.cpp;..\CCTransformHelp.cpp;..\CCTween.cpp;..\CCUtilMath.cpp;..\DictionaryHelper.cpp;..\ObjectFactory.cpp;..\TriggerBase.cpp;..\TriggerMng.cpp;..\TriggerObj.cpp;..\WidgetReader\ButtonReader\ButtonReader.cpp;..\WidgetReader\CheckBoxReader\CheckBoxReader.cpp;..\WidgetReader\ImageViewReader\ImageViewReader.cpp;..\WidgetReader\LayoutReader\LayoutReader.cpp;..\WidgetReader\ListViewReader\ListViewReader.cpp;..\WidgetReader\LoadingBarReader\LoadingBarReader.cpp;..\WidgetReader\PageViewReader\PageViewReader.cpp;..\WidgetReader\ScrollViewReader\ScrollViewReader.cpp;..\WidgetReader\SliderReader\SliderReader.cpp;..\WidgetReader\TextAtlasReader\TextAtlasReader.cpp;..\WidgetReader\TextBMFontReader\TextBMFontReader.cpp;..\WidgetReader\TextFieldReader\TextFieldReader.cpp;..\WidgetReader\TextReader\TextReader.cpp;..\WidgetReader\WidgetReader.cpp' != '' and 'false' == 'True')。
     1>来自项目“D:\DEMO\release\TowerDefense\cocos2d\cocos\editor-support\cocostudio\proj.win32\libCocosStudio.vcxproj”的文件“C:\Program Files (x86)\MSBuild\Microsoft.Cpp\v4.0\V110\Microsoft.CppBuild.targets”中的目标“AfterClCompile”(目标“_ClCompile”依赖于它):
     1>已完成在项目“libCocosStudio.vcxproj”中生成目标“AfterClCompile”的操作。
     1>来自项目“D:\DEMO\release\TowerDefense\cocos2d\cocos\editor-support\cocostudio\proj.win32\libCocosStudio.vcxproj”的文件“C:\Program Files (x86)\MSBuild\Microsoft.Cpp\v4.0\V110\Microsoft.CppBuild.targets”中的目标“_ClCompile”(目标“_BuildCompileAction”依赖于它):
     1>已完成在项目“libCocosStudio.vcxproj”中生成目标“_ClCompile”的操作。
       由于条件的计算结果为 false，已跳过目标“_ResGen”；('@(EmbeddedResource)'!='')的计算结果为(''!='')。
     1>来自项目“D:\DEMO\release\TowerDefense\cocos2d\cocos\editor-support\cocostudio\proj.win32\libCocosStudio.vcxproj”的文件“C:\Program Files (x86)\MSBuild\Microsoft.Cpp\v4.0\V110\Microsoft.CppBuild.targets”中的目标“BeforeResourceCompile”(目标“_ResourceCompile”依赖于它):
     1>已完成在项目“libCocosStudio.vcxproj”中生成目标“BeforeResourceCompile”的操作。
     1>来自项目“D:\DEMO\release\TowerDefense\cocos2d\cocos\editor-support\cocostudio\proj.win32\libCocosStudio.vcxproj”的文件“C:\Program Files (x86)\MSBuild\Microsoft.Cpp\v4.0\V110\Microsoft.CppBuild.targets”中的目标“MakeDirsForResourceCompile”(目标“_ResourceCompile”依赖于它):
       任务“MakeDir”
       已完成执行任务“MakeDir”的操作。
     1>已完成在项目“libCocosStudio.vcxproj”中生成目标“MakeDirsForResourceCompile”的操作。
       由于条件的计算结果为 false，已跳过目标“ResourceCompile”；('@(ResourceCompile)' != '')的计算结果为('' != '')。
     1>来自项目“D:\DEMO\release\TowerDefense\cocos2d\cocos\editor-support\cocostudio\proj.win32\libCocosStudio.vcxproj”的文件“C:\Program Files (x86)\MSBuild\Microsoft.Cpp\v4.0\V110\Microsoft.CppBuild.targets”中的目标“AfterResourceCompile”(目标“_ResourceCompile”依赖于它):
     1>已完成在项目“libCocosStudio.vcxproj”中生成目标“AfterResourceCompile”的操作。
     1>来自项目“D:\DEMO\release\TowerDefense\cocos2d\cocos\editor-support\cocostudio\proj.win32\libCocosStudio.vcxproj”的文件“C:\Program Files (x86)\MSBuild\Microsoft.Cpp\v4.0\V110\Microsoft.CppBuild.targets”中的目标“_ResourceCompile”(目标“_BuildCompileAction”依赖于它):
     1>已完成在项目“libCocosStudio.vcxproj”中生成目标“_ResourceCompile”的操作。
       由于条件的计算结果为 false，已跳过目标“_ImpLib”；('$(ImpLibCompiled)' == 'true')的计算结果为('' == 'true')。
     1>来自项目“D:\DEMO\release\TowerDefense\cocos2d\cocos\editor-support\cocostudio\proj.win32\libCocosStudio.vcxproj”的文件“C:\Program Files (x86)\MSBuild\Microsoft.Cpp\v4.0\V110\Microsoft.CppBuild.targets”中的目标“BeforeLib”(目标“_Lib”依赖于它):
     1>已完成在项目“libCocosStudio.vcxproj”中生成目标“BeforeLib”的操作。
     1>来自项目“D:\DEMO\release\TowerDefense\cocos2d\cocos\editor-support\cocostudio\proj.win32\libCocosStudio.vcxproj”的文件“C:\Program Files (x86)\MSBuild\Microsoft.Cpp\v4.0\V110\Microsoft.CppBuild.targets”中的目标“ComputeLibAdditionalOptions”(目标“_Lib”依赖于它):
     1>已完成在项目“libCocosStudio.vcxproj”中生成目标“ComputeLibAdditionalOptions”的操作。
     1>来自项目“D:\DEMO\release\TowerDefense\cocos2d\cocos\editor-support\cocostudio\proj.win32\libCocosStudio.vcxproj”的文件“C:\Program Files (x86)\MSBuild\Microsoft.Cpp\v4.0\V110\Microsoft.CppBuild.targets”中的目标“ComputeRCOutputs”(目标“ComputeRCGeneratedLibInputs”依赖于它):
     1>已完成在项目“libCocosStudio.vcxproj”中生成目标“ComputeRCOutputs”的操作。
     1>来自项目“D:\DEMO\release\TowerDefense\cocos2d\cocos\editor-support\cocostudio\proj.win32\libCocosStudio.vcxproj”的文件“C:\Program Files (x86)\MSBuild\Microsoft.Cpp\v4.0\V110\Microsoft.CppBuild.targets”中的目标“ComputeRCGeneratedLibInputs”(目标“_Lib”依赖于它):
     1>已完成在项目“libCocosStudio.vcxproj”中生成目标“ComputeRCGeneratedLibInputs”的操作。
     1>来自项目“D:\DEMO\release\TowerDefense\cocos2d\cocos\editor-support\cocostudio\proj.win32\libCocosStudio.vcxproj”的文件“C:\Program Files (x86)\MSBuild\Microsoft.Cpp\v4.0\V110\Microsoft.CppBuild.targets”中的目标“ComputeCustomBuildOutput”(目标“_Lib”依赖于它):
       由于 false 条件，已跳过任务“CreateItem”；('%(CustomBuildDirsToMake.OutputFileToTool)'!='')计算为(''!='')。
       任务“MakeDir”
       已完成执行任务“MakeDir”的操作。
     1>已完成在项目“libCocosStudio.vcxproj”中生成目标“ComputeCustomBuildOutput”的操作。
       已跳过目标“ComputeMIDLGeneratedCompileInputs”。以前的生成已成功。
       已跳过目标“ComputeCLInputPDBName”。以前的生成已成功。
       已跳过目标“ComputeReferenceCLInput”。以前的生成已成功。
     1>来自项目“D:\DEMO\release\TowerDefense\cocos2d\cocos\editor-support\cocostudio\proj.win32\libCocosStudio.vcxproj”的文件“C:\Program Files (x86)\MSBuild\Microsoft.Cpp\v4.0\V110\Microsoft.CppBuild.targets”中的目标“ComputeCLOutputs”(目标“ComputeCLGeneratedLibInputs”依赖于它):
     1>已完成在项目“libCocosStudio.vcxproj”中生成目标“ComputeCLOutputs”的操作。
     1>来自项目“D:\DEMO\release\TowerDefense\cocos2d\cocos\editor-support\cocostudio\proj.win32\libCocosStudio.vcxproj”的文件“C:\Program Files (x86)\MSBuild\Microsoft.Cpp\v4.0\V110\Microsoft.CppBuild.targets”中的目标“ComputeCLGeneratedLibInputs”(目标“_Lib”依赖于它):
     1>已完成在项目“libCocosStudio.vcxproj”中生成目标“ComputeCLGeneratedLibInputs”的操作。
     1>来自项目“D:\DEMO\release\TowerDefense\cocos2d\cocos\editor-support\cocostudio\proj.win32\libCocosStudio.vcxproj”的文件“C:\Program Files (x86)\MSBuild\Microsoft.Cpp\v4.0\V110\Microsoft.CppBuild.targets”中的目标“ComputeLibInputsFromProject”(目标“_Lib”依赖于它):
     1>已完成在项目“libCocosStudio.vcxproj”中生成目标“ComputeLibInputsFromProject”的操作。
       由于条件的计算结果为 false，已跳过目标“ComputeReferenceLibInputs”；(@(ProjectReference) != '')的计算结果为( != '')。
     1>来自项目“D:\DEMO\release\TowerDefense\cocos2d\cocos\editor-support\cocostudio\proj.win32\libCocosStudio.vcxproj”的文件“C:\Program Files (x86)\MSBuild\Microsoft.Cpp\v4.0\V110\Microsoft.CppBuild.targets”中的目标“MakeDirsForLib”(目标“_Lib”依赖于它):
       任务“MakeDir”
       已完成执行任务“MakeDir”的操作。
     1>已完成在项目“libCocosStudio.vcxproj”中生成目标“MakeDirsForLib”的操作。
     1>来自项目“D:\DEMO\release\TowerDefense\cocos2d\cocos\editor-support\cocostudio\proj.win32\libCocosStudio.vcxproj”的文件“C:\Program Files (x86)\MSBuild\Microsoft.Cpp\v4.0\V110\Microsoft.CppBuild.targets”中的目标“DoLibOutputFilesMatch”(目标“_Lib”依赖于它):
       由于 false 条件，已跳过任务“VCMessage”；('@(_OutputFileFromLib)' == '')计算为('D:\DEMO\release\TowerDefense\proj.win32\Debug.win32\libCocosStudio.lib' == '')。
       由于 false 条件，已跳过任务“VCMessage”；('@(_OutputFileFromLib)' != '' and '%(_OutputFileFromLib.FullPath)' != '$([System.IO.Path]::GetFullPath($(TargetPath)))')计算为('D:\DEMO\release\TowerDefense\proj.win32\Debug.win32\libCocosStudio.lib' != '' and 'D:\DEMO\release\TowerDefense\proj.win32\Debug.win32\libCocosStudio.lib' != 'D:\DEMO\release\TowerDefense\proj.win32\Debug.win32\libCocosStudio.lib')。
       由于 false 条件，已跳过任务“VCMessage”；('@(_OutputFileFromLib)' != '' and '%(_OutputFileFromLib.Extension)' != '$(TargetExt)')计算为('D:\DEMO\release\TowerDefense\proj.win32\Debug.win32\libCocosStudio.lib' != '' and '.lib' != '.lib')。
       由于 false 条件，已跳过任务“VCMessage”；('@(_OutputFileFromLib)' != '' and '%(_OutputFileFromLib.Filename)' != '$(TargetName)')计算为('D:\DEMO\release\TowerDefense\proj.win32\Debug.win32\libCocosStudio.lib' != '' and 'libCocosStudio' != 'libCocosStudio')。
     1>已完成在项目“libCocosStudio.vcxproj”中生成目标“DoLibOutputFilesMatch”的操作。
     1>来自项目“D:\DEMO\release\TowerDefense\cocos2d\cocos\editor-support\cocostudio\proj.win32\libCocosStudio.vcxproj”的文件“C:\Program Files (x86)\MSBuild\Microsoft.Cpp\v4.0\V110\Microsoft.CppCommon.targets”中的目标“PreLinkEvent”(目标“_Lib”依赖于它):
       由于 false 条件，已跳过任务“Message”；('%(PreLinkEvent.Message)' != '' and '%(PreLinkEvent.Command)' != '')计算为('' != '' and '' != '')。
       由于 false 条件，已跳过任务“Exec”；('%(PreLinkEvent.Command)' != '')计算为('' != '')。
     1>已完成在项目“libCocosStudio.vcxproj”中生成目标“PreLinkEvent”的操作。
     1>来自项目“D:\DEMO\release\TowerDefense\cocos2d\cocos\editor-support\cocostudio\proj.win32\libCocosStudio.vcxproj”的文件“C:\Program Files (x86)\MSBuild\Microsoft.Cpp\v4.0\V110\Microsoft.CppCommon.targets”中的目标“Lib”(目标“_Lib”依赖于它):
       正在使用程序集“Microsoft.Build.CppTasks.Common.v110, Version=4.0.0.0, Culture=neutral, PublicKeyToken=b03f5f7f11d50a3a”中的“LIB”任务。
       任务“LIB”
         Forcing rebuild of all source files due to missing command TLog "D:\DEMO\release\TowerDefense\cocos2d\cocos\editor-support\cocostudio\proj.win32\Debug.win32\lib.command.1.tlog".
         C:\Program Files (x86)\Microsoft Visual Studio 11.0\VC\bin\Lib.exe /OUT:"D:\DEMO\release\TowerDefense\proj.win32\Debug.win32\libCocosStudio.lib" /LIBPATH:"C:\Program Files (x86)\Visual Leak Detector\lib\Win32" /NOLOGO Debug.win32\CCActionFrame.obj
         Debug.win32\CCActionFrameEasing.obj
         Debug.win32\CCActionManagerEx.obj
         Debug.win32\CCActionNode.obj
         Debug.win32\CCActionObject.obj
         Debug.win32\CCArmature.obj
         Debug.win32\CCArmatureAnimation.obj
         Debug.win32\CCArmatureDataManager.obj
         Debug.win32\CCArmatureDefine.obj
         Debug.win32\CCBatchNode.obj
         Debug.win32\CCBone.obj
         Debug.win32\CCColliderDetector.obj
         Debug.win32\CCComAttribute.obj
         Debug.win32\CCComAudio.obj
         Debug.win32\CCComController.obj
         Debug.win32\CCComRender.obj
         Debug.win32\CCDataReaderHelper.obj
         Debug.win32\CCDatas.obj
         Debug.win32\CCDecorativeDisplay.obj
         Debug.win32\CCDisplayFactory.obj
         Debug.win32\CCDisplayManager.obj
         Debug.win32\CCInputDelegate.obj
         Debug.win32\CCProcessBase.obj
         Debug.win32\CCSGUIReader.obj
         Debug.win32\CCSkin.obj
         Debug.win32\CCSpriteFrameCacheHelper.obj
         Debug.win32\CCSSceneReader.obj
         Debug.win32\CCTransformHelp.obj
         Debug.win32\CCTween.obj
         Debug.win32\CCUtilMath.obj
         Debug.win32\DictionaryHelper.obj
         Debug.win32\ObjectFactory.obj
         Debug.win32\TriggerBase.obj
         Debug.win32\TriggerMng.obj
         Debug.win32\TriggerObj.obj
         Debug.win32\ButtonReader.obj
         Debug.win32\CheckBoxReader.obj
         Debug.win32\ImageViewReader.obj
         Debug.win32\LayoutReader.obj
         Debug.win32\ListViewReader.obj
         Debug.win32\LoadingBarReader.obj
         Debug.win32\PageViewReader.obj
         Debug.win32\ScrollViewReader.obj
         Debug.win32\SliderReader.obj
         Debug.win32\TextAtlasReader.obj
         Debug.win32\TextBMFontReader.obj
         Debug.win32\TextFieldReader.obj
         Debug.win32\TextReader.obj
         Debug.win32\WidgetReader.obj
         Tracking command:
         C:\Program Files (x86)\Microsoft SDKs\Windows\v8.0A\bin\NETFX 4.0 Tools\Tracker.exe /d C:\Windows\Microsoft.NET\Framework\v4.0.30319\FileTracker.dll /i D:\DEMO\release\TowerDefense\cocos2d\cocos\editor-support\cocostudio\proj.win32\Debug.win32 /r "D:\DEMO\RELEASE\TOWERDEFENSE\COCOS2D\COCOS\EDITOR-SUPPORT\COCOSTUDIO\PROJ.WIN32\DEBUG.WIN32\BUTTONREADER.OBJ|D:\DEMO\RELEASE\TOWERDEFENSE\COCOS2D\COCOS\EDITOR-SUPPORT\COCOSTUDIO\PROJ.WIN32\DEBUG.WIN32\CCACTIONFRAME.OBJ|D:\DEMO\RELEASE\TOWERDEFENSE\COCOS2D\COCOS\EDITOR-SUPPORT\COCOSTUDIO\PROJ.WIN32\DEBUG.WIN32\CCACTIONFRAMEEASING.OBJ|D:\DEMO\RELEASE\TOWERDEFENSE\COCOS2D\COCOS\EDITOR-SUPPORT\COCOSTUDIO\PROJ.WIN32\DEBUG.WIN32\CCACTIONMANAGEREX.OBJ|D:\DEMO\RELEASE\TOWERDEFENSE\COCOS2D\COCOS\EDITOR-SUPPORT\COCOSTUDIO\PROJ.WIN32\DEBUG.WIN32\CCACTIONNODE.OBJ|D:\DEMO\RELEASE\TOWERDEFENSE\COCOS2D\COCOS\EDITOR-SUPPORT\COCOSTUDIO\PROJ.WIN32\DEBUG.WIN32\CCACTIONOBJECT.OBJ|D:\DEMO\RELEASE\TOWERDEFENSE\COCOS2D\COCOS\EDITOR-SUPPORT\COCOSTUDIO\PROJ.WIN32\DEBUG.WIN32\CCARMATURE.OBJ|D:\DEMO\RELEASE\TOWERDEFENSE\COCOS2D\COCOS\EDITOR-SUPPORT\COCOSTUDIO\PROJ.WIN32\DEBUG.WIN32\CCARMATUREANIMATION.OBJ|D:\DEMO\RELEASE\TOWERDEFENSE\COCOS2D\COCOS\EDITOR-SUPPORT\COCOSTUDIO\PROJ.WIN32\DEBUG.WIN32\CCARMATUREDATAMANAGER.OBJ|D:\DEMO\RELEASE\TOWERDEFENSE\COCOS2D\COCOS\EDITOR-SUPPORT\COCOSTUDIO\PROJ.WIN32\DEBUG.WIN32\CCARMATUREDEFINE.OBJ|D:\DEMO\RELEASE\TOWERDEFENSE\COCOS2D\COCOS\EDITOR-SUPPORT\COCOSTUDIO\PROJ.WIN32\DEBUG.WIN32\CCBATCHNODE.OBJ|D:\DEMO\RELEASE\TOWERDEFENSE\COCOS2D\COCOS\EDITOR-SUPPORT\COCOSTUDIO\PROJ.WIN32\DEBUG.WIN32\CCBONE.OBJ|D:\DEMO\RELEASE\TOWERDEFENSE\COCOS2D\COCOS\EDITOR-SUPPORT\COCOSTUDIO\PROJ.WIN32\DEBUG.WIN32\CCCOLLIDERDETECTOR.OBJ|D:\DEMO\RELEASE\TOWERDEFENSE\COCOS2D\COCOS\EDITOR-SUPPORT\COCOSTUDIO\PROJ.WIN32\DEBUG.WIN32\CCCOMATTRIBUTE.OBJ|D:\DEMO\RELEASE\TOWERDEFENSE\COCOS2D\COCOS\EDITOR-SUPPORT\COCOSTUDIO\PROJ.WIN32\DEBUG.WIN32\CCCOMAUDIO.OBJ|D:\DEMO\RELEASE\TOWERDEFENSE\COCOS2D\COCOS\EDITOR-SUPPORT\COCOSTUDIO\PROJ.WIN32\DEBUG.WIN32\CCCOMCONTROLLER.OBJ|D:\DEMO\RELEASE\TOWERDEFENSE\COCOS2D\COCOS\EDITOR-SUPPORT\COCOSTUDIO\PROJ.WIN32\DEBUG.WIN32\CCCOMRENDER.OBJ|D:\DEMO\RELEASE\TOWERDEFENSE\COCOS2D\COCOS\EDITOR-SUPPORT\COCOSTUDIO\PROJ.WIN32\DEBUG.WIN32\CCDATAREADERHELPER.OBJ|D:\DEMO\RELEASE\TOWERDEFENSE\COCOS2D\COCOS\EDITOR-SUPPORT\COCOSTUDIO\PROJ.WIN32\DEBUG.WIN32\CCDATAS.OBJ|D:\DEMO\RELEASE\TOWERDEFENSE\COCOS2D\COCOS\EDITOR-SUPPORT\COCOSTUDIO\PROJ.WIN32\DEBUG.WIN32\CCDECORATIVEDISPLAY.OBJ|D:\DEMO\RELEASE\TOWERDEFENSE\COCOS2D\COCOS\EDITOR-SUPPORT\COCOSTUDIO\PROJ.WIN32\DEBUG.WIN32\CCDISPLAYFACTORY.OBJ|D:\DEMO\RELEASE\TOWERDEFENSE\COCOS2D\COCOS\EDITOR-SUPPORT\COCOSTUDIO\PROJ.WIN32\DEBUG.WIN32\CCDISPLAYMANAGER.OBJ|D:\DEMO\RELEASE\TOWERDEFENSE\COCOS2D\COCOS\EDITOR-SUPPORT\COCOSTUDIO\PROJ.WIN32\DEBUG.WIN32\CCINPUTDELEGATE.OBJ|D:\DEMO\RELEASE\TOWERDEFENSE\COCOS2D\COCOS\EDITOR-SUPPORT\COCOSTUDIO\PROJ.WIN32\DEBUG.WIN32\CCPROCESSBASE.OBJ|D:\DEMO\RELEASE\TOWERDEFENSE\COCOS2D\COCOS\EDITOR-SUPPORT\COCOSTUDIO\PROJ.WIN32\DEBUG.WIN32\CCSGUIREADER.OBJ|D:\DEMO\RELEASE\TOWERDEFENSE\COCOS2D\COCOS\EDITOR-SUPPORT\COCOSTUDIO\PROJ.WIN32\DEBUG.WIN32\CCSKIN.OBJ|D:\DEMO\RELEASE\TOWERDEFENSE\COCOS2D\COCOS\EDITOR-SUPPORT\COCOSTUDIO\PROJ.WIN32\DEBUG.WIN32\CCSPRITEFRAMECACHEHELPER.OBJ|D:\DEMO\RELEASE\TOWERDEFENSE\COCOS2D\COCOS\EDITOR-SUPPORT\COCOSTUDIO\PROJ.WIN32\DEBUG.WIN32\CCSSCENEREADER.OBJ|D:\DEMO\RELEASE\TOWERDEFENSE\COCOS2D\COCOS\EDITOR-SUPPORT\COCOSTUDIO\PROJ.WIN32\DEBUG.WIN32\CCTRANSFORMHELP.OBJ|D:\DEMO\RELEASE\TOWERDEFENSE\COCOS2D\COCOS\EDITOR-SUPPORT\COCOSTUDIO\PROJ.WIN32\DEBUG.WIN32\CCTWEEN.OBJ|D:\DEMO\RELEASE\TOWERDEFENSE\COCOS2D\COCOS\EDITOR-SUPPORT\COCOSTUDIO\PROJ.WIN32\DEBUG.WIN32\CCUTILMATH.OBJ|D:\DEMO\RELEASE\TOWERDEFENSE\COCOS2D\COCOS\EDITOR-SUPPORT\COCOSTUDIO\PROJ.WIN32\DEBUG.WIN32\CHECKBOXREADER.OBJ|D:\DEMO\RELEASE\TOWERDEFENSE\COCOS2D\COCOS\EDITOR-SUPPORT\COCOSTUDIO\PROJ.WIN32\DEBUG.WIN32\DICTIONARYHELPER.OBJ|D:\DEMO\RELEASE\TOWERDEFENSE\COCOS2D\COCOS\EDITOR-SUPPORT\COCOSTUDIO\PROJ.WIN32\DEBUG.WIN32\IMAGEVIEWREADER.OBJ|D:\DEMO\RELEASE\TOWERDEFENSE\COCOS2D\COCOS\EDITOR-SUPPORT\COCOSTUDIO\PROJ.WIN32\DEBUG.WIN32\LAYOUTREADER.OBJ|D:\DEMO\RELEASE\TOWERDEFENSE\COCOS2D\COCOS\EDITOR-SUPPORT\COCOSTUDIO\PROJ.WIN32\DEBUG.WIN32\LISTVIEWREADER.OBJ|D:\DEMO\RELEASE\TOWERDEFENSE\COCOS2D\COCOS\EDITOR-SUPPORT\COCOSTUDIO\PROJ.WIN32\DEBUG.WIN32\LOADINGBARREADER.OBJ|D:\DEMO\RELEASE\TOWERDEFENSE\COCOS2D\COCOS\EDITOR-SUPPORT\COCOSTUDIO\PROJ.WIN32\DEBUG.WIN32\OBJECTFACTORY.OBJ|D:\DEMO\RELEASE\TOWERDEFENSE\COCOS2D\COCOS\EDITOR-SUPPORT\COCOSTUDIO\PROJ.WIN32\DEBUG.WIN32\PAGEVIEWREADER.OBJ|D:\DEMO\RELEASE\TOWERDEFENSE\COCOS2D\COCOS\EDITOR-SUPPORT\COCOSTUDIO\PROJ.WIN32\DEBUG.WIN32\SCROLLVIEWREADER.OBJ|D:\DEMO\RELEASE\TOWERDEFENSE\COCOS2D\COCOS\EDITOR-SUPPORT\COCOSTUDIO\PROJ.WIN32\DEBUG.WIN32\SLIDERREADER.OBJ|D:\DEMO\RELEASE\TOWERDEFENSE\COCOS2D\COCOS\EDITOR-SUPPORT\COCOSTUDIO\PROJ.WIN32\DEBUG.WIN32\TEXTATLASREADER.OBJ|D:\DEMO\RELEASE\TOWERDEFENSE\COCOS2D\COCOS\EDITOR-SUPPORT\COCOSTUDIO\PROJ.WIN32\DEBUG.WIN32\TEXTBMFONTREADER.OBJ|D:\DEMO\RELEASE\TOWERDEFENSE\COCOS2D\COCOS\EDITOR-SUPPORT\COCOSTUDIO\PROJ.WIN32\DEBUG.WIN32\TEXTFIELDREADER.OBJ|D:\DEMO\RELEASE\TOWERDEFENSE\COCOS2D\COCOS\EDITOR-SUPPORT\COCOSTUDIO\PROJ.WIN32\DEBUG.WIN32\TEXTREADER.OBJ|D:\DEMO\RELEASE\TOWERDEFENSE\COCOS2D\COCOS\EDITOR-SUPPORT\COCOSTUDIO\PROJ.WIN32\DEBUG.WIN32\TRIGGERBASE.OBJ|D:\DEMO\RELEASE\TOWERDEFENSE\COCOS2D\COCOS\EDITOR-SUPPORT\COCOSTUDIO\PROJ.WIN32\DEBUG.WIN32\TRIGGERMNG.OBJ|D:\DEMO\RELEASE\TOWERDEFENSE\COCOS2D\COCOS\EDITOR-SUPPORT\COCOSTUDIO\PROJ.WIN32\DEBUG.WIN32\TRIGGEROBJ.OBJ|D:\DEMO\RELEASE\TOWERDEFENSE\COCOS2D\COCOS\EDITOR-SUPPORT\COCOSTUDIO\PROJ.WIN32\DEBUG.WIN32\WIDGETREADER.OBJ" /b MSBuildConsole_CancelEventa22c15afef834306b0ba593feccbcfb6  /c "C:\Program Files (x86)\Microsoft Visual Studio 11.0\VC\bin\Lib.exe"  /OUT:"D:\DEMO\release\TowerDefense\proj.win32\Debug.win32\libCocosStudio.lib" /LIBPATH:"C:\Program Files (x86)\Visual Leak Detector\lib\Win32" /NOLOGO Debug.win32\CCActionFrame.obj
         Debug.win32\CCActionFrameEasing.obj
         Debug.win32\CCActionManagerEx.obj
         Debug.win32\CCActionNode.obj
         Debug.win32\CCActionObject.obj
         Debug.win32\CCArmature.obj
         Debug.win32\CCArmatureAnimation.obj
         Debug.win32\CCArmatureDataManager.obj
         Debug.win32\CCArmatureDefine.obj
         Debug.win32\CCBatchNode.obj
         Debug.win32\CCBone.obj
         Debug.win32\CCColliderDetector.obj
         Debug.win32\CCComAttribute.obj
         Debug.win32\CCComAudio.obj
         Debug.win32\CCComController.obj
         Debug.win32\CCComRender.obj
         Debug.win32\CCDataReaderHelper.obj
         Debug.win32\CCDatas.obj
         Debug.win32\CCDecorativeDisplay.obj
         Debug.win32\CCDisplayFactory.obj
         Debug.win32\CCDisplayManager.obj
         Debug.win32\CCInputDelegate.obj
         Debug.win32\CCProcessBase.obj
         Debug.win32\CCSGUIReader.obj
         Debug.win32\CCSkin.obj
         Debug.win32\CCSpriteFrameCacheHelper.obj
         Debug.win32\CCSSceneReader.obj
         Debug.win32\CCTransformHelp.obj
         Debug.win32\CCTween.obj
         Debug.win32\CCUtilMath.obj
         Debug.win32\DictionaryHelper.obj
         Debug.win32\ObjectFactory.obj
         Debug.win32\TriggerBase.obj
         Debug.win32\TriggerMng.obj
         Debug.win32\TriggerObj.obj
         Debug.win32\ButtonReader.obj
         Debug.win32\CheckBoxReader.obj
         Debug.win32\ImageViewReader.obj
         Debug.win32\LayoutReader.obj
         Debug.win32\ListViewReader.obj
         Debug.win32\LoadingBarReader.obj
         Debug.win32\PageViewReader.obj
         Debug.win32\ScrollViewReader.obj
         Debug.win32\SliderReader.obj
         Debug.win32\TextAtlasReader.obj
         Debug.win32\TextBMFontReader.obj
         Debug.win32\TextFieldReader.obj
         Debug.win32\TextReader.obj
         Debug.win32\WidgetReader.obj
       已完成执行任务“LIB”的操作。
       任务“Message”
         libCocosStudio.vcxproj -> D:\DEMO\release\TowerDefense\proj.win32\Debug.win32\libCocosStudio.lib
       已完成执行任务“Message”的操作。
     1>已完成在项目“libCocosStudio.vcxproj”中生成目标“Lib”的操作。
     1>来自项目“D:\DEMO\release\TowerDefense\cocos2d\cocos\editor-support\cocostudio\proj.win32\libCocosStudio.vcxproj”的文件“C:\Program Files (x86)\MSBuild\Microsoft.Cpp\v4.0\V110\Microsoft.CppBuild.targets”中的目标“AfterLib”(目标“_Lib”依赖于它):
     1>已完成在项目“libCocosStudio.vcxproj”中生成目标“AfterLib”的操作。
     1>来自项目“D:\DEMO\release\TowerDefense\cocos2d\cocos\editor-support\cocostudio\proj.win32\libCocosStudio.vcxproj”的文件“C:\Program Files (x86)\MSBuild\Microsoft.Cpp\v4.0\V110\Microsoft.CppBuild.targets”中的目标“_Lib”(目标“_BuildCompileAction”依赖于它):
     1>已完成在项目“libCocosStudio.vcxproj”中生成目标“_Lib”的操作。
     1>来自项目“D:\DEMO\release\TowerDefense\cocos2d\cocos\editor-support\cocostudio\proj.win32\libCocosStudio.vcxproj”的文件“C:\Program Files (x86)\MSBuild\Microsoft.Cpp\v4.0\V110\Microsoft.CppBuild.targets”中的目标“AfterBuildCompileEvent”(目标“_BuildCompileAction”依赖于它):
     1>已完成在项目“libCocosStudio.vcxproj”中生成目标“AfterBuildCompileEvent”的操作。
     1>来自项目“D:\DEMO\release\TowerDefense\cocos2d\cocos\editor-support\cocostudio\proj.win32\libCocosStudio.vcxproj”的文件“C:\Program Files (x86)\MSBuild\Microsoft.Cpp\v4.0\V110\Microsoft.CppBuild.targets”中的目标“_BuildCompileAction”(目标“BuildCompile”依赖于它):
     1>已完成在项目“libCocosStudio.vcxproj”中生成目标“_BuildCompileAction”的操作。
     1>来自项目“D:\DEMO\release\TowerDefense\cocos2d\cocos\editor-support\cocostudio\proj.win32\libCocosStudio.vcxproj”的文件“C:\Windows\Microsoft.NET\Framework\v4.0.30319\Microsoft.Common.Targets”中的目标“BuildCompile”(目标“Build”依赖于它):
     1>已完成在项目“libCocosStudio.vcxproj”中生成目标“BuildCompile”的操作。
       已跳过目标“AssignProjectConfiguration”。以前的生成已成功。
       已跳过目标“_SplitProjectReferencesByFileExistence”。以前的生成已成功。
     1>来自项目“D:\DEMO\release\TowerDefense\cocos2d\cocos\editor-support\cocostudio\proj.win32\libCocosStudio.vcxproj”的文件“C:\Windows\Microsoft.NET\Framework\v4.0.30319\Microsoft.Common.Targets”中的目标“BuildLinkTraverse”(目标“BuildLink”依赖于它):
       由于 false 条件，已跳过任务“MSBuild”；('$(BuildPassReferences)' == 'true' and '@(ProjectReferenceWithConfiguration)' != '' and '@(_MSBuildProjectReferenceExistent)' != ''  and '%(_MSBuildProjectReferenceExistent.BuildReference)' == 'true')计算为('' == 'true' and '' != '' and '' != ''  and '' == 'true')。
     1>已完成在项目“libCocosStudio.vcxproj”中生成目标“BuildLinkTraverse”的操作。
       已跳过目标“PrepareForBuild”。以前的生成已成功。
       已跳过目标“ResolveReferences”。以前的生成已成功。
     1>来自项目“D:\DEMO\release\TowerDefense\cocos2d\cocos\editor-support\cocostudio\proj.win32\libCocosStudio.vcxproj”的文件“C:\Program Files (x86)\MSBuild\Microsoft.Cpp\v4.0\V110\Microsoft.CppBuild.targets”中的目标“ComputeLegacyManifestEmbedding”(目标“_BuildLinkAction”依赖于它):
       由于 false 条件，已跳过任务“VCMessage”；('$(RevertManifestEmbedding)' == 'true' and '$(_LegacyManifestEmbeddingDebug)' == 'true')计算为('' == 'true' and '' == 'true')。
     1>已完成在项目“libCocosStudio.vcxproj”中生成目标“ComputeLegacyManifestEmbedding”的操作。
       由于条件的计算结果为 false，已跳过目标“_Link”；('$(LinkCompiled)' == 'true')的计算结果为('' == 'true')。
     1>来自项目“D:\DEMO\release\TowerDefense\cocos2d\cocos\editor-support\cocostudio\proj.win32\libCocosStudio.vcxproj”的文件“C:\Program Files (x86)\MSBuild\Microsoft.Cpp\v4.0\V110\Microsoft.CppBuild.targets”中的目标“_ALink”(目标“_BuildLinkAction”依赖于它):
     1>已完成在项目“libCocosStudio.vcxproj”中生成目标“_ALink”的操作。
       已跳过目标“ComputeLegacyManifestEmbedding”。以前的生成已成功。
     1>来自项目“D:\DEMO\release\TowerDefense\cocos2d\cocos\editor-support\cocostudio\proj.win32\libCocosStudio.vcxproj”的文件“C:\Program Files (x86)\MSBuild\Microsoft.Cpp\v4.0\V110\Microsoft.CppBuild.targets”中的目标“_Manifest”(目标“_BuildLinkAction”依赖于它):
       由于 false 条件，已跳过任务“CallTarget”；('$(LegacyManifestEmbedding)' == 'true')计算为('' == 'true')。
     1>已完成在项目“libCocosStudio.vcxproj”中生成目标“_Manifest”的操作。
     1>来自项目“D:\DEMO\release\TowerDefense\cocos2d\cocos\editor-support\cocostudio\proj.win32\libCocosStudio.vcxproj”的文件“C:\Program Files (x86)\MSBuild\Microsoft.Cpp\v4.0\V110\Microsoft.CppCommon.targets”中的目标“RegisterOutput”(目标“_BuildLinkAction”依赖于它):
       由于 false 条件，已跳过任务“Exec”；('$(ConfigurationType)'=='DynamicLibrary' and '%(Link.RegisterOutput)'=='true' and '%(Link.PerUserRedirection)'!='true')计算为('StaticLibrary'=='DynamicLibrary' and ''=='true' and ''!='true')。
       由于 false 条件，已跳过任务“Exec”；('$(ConfigurationType)'=='DynamicLibrary' and '%(Link.RegisterOutput)'=='true' and '%(Link.PerUserRedirection)'=='true')计算为('StaticLibrary'=='DynamicLibrary' and ''=='true' and ''=='true')。
       由于 false 条件，已跳过任务“Exec”；('$(ConfigurationType)'=='Application' and '%(Link.RegisterOutput)'=='true' and '%(Link.PerUserRedirection)'!='true')计算为('StaticLibrary'=='Application' and ''=='true' and ''!='true')。
       由于 false 条件，已跳过任务“Exec”；('$(ConfigurationType)'=='Application' and '%(Link.RegisterOutput)'=='true' and '%(Link.PerUserRedirection)'=='true')计算为('StaticLibrary'=='Application' and ''=='true' and ''=='true')。
       由于 false 条件，已跳过任务“VCMessage”；('$(_RegisterOutputExitCode)' != '' and '$(_RegisterOutputExitCode)' != '0')计算为('' != '' and '' != '0')。
     1>已完成在项目“libCocosStudio.vcxproj”中生成目标“RegisterOutput”的操作。
       已跳过目标“PrepareForBuild”。以前的生成已成功。
       已跳过目标“ResolveReferences”。以前的生成已成功。
     1>来自项目“D:\DEMO\release\TowerDefense\cocos2d\cocos\editor-support\cocostudio\proj.win32\libCocosStudio.vcxproj”的文件“C:\Program Files (x86)\MSBuild\Microsoft.Cpp\v4.0\V110\Microsoft.CppBuild.targets”中的目标“ResolvedXDCMake”(目标“_XdcMake”依赖于它):
       由于 false 条件，已跳过任务“MSBuild”；('%(_MSBuildProjectReferenceExistent.Extension)' == '.vcxproj' and '@(ProjectReferenceWithConfiguration)' != '' and '@(_MSBuildProjectReferenceExistent)' != '' and '$(_ClCompileGenerateXMLDocumentationFiles)' == 'true')计算为('' == '.vcxproj' and '' != '' and '' != '' and '' == 'true')。
     1>已完成在项目“libCocosStudio.vcxproj”中生成目标“ResolvedXDCMake”的操作。
     1>来自项目“D:\DEMO\release\TowerDefense\cocos2d\cocos\editor-support\cocostudio\proj.win32\libCocosStudio.vcxproj”的文件“C:\Program Files (x86)\MSBuild\Microsoft.Cpp\v4.0\V110\Microsoft.CppBuild.targets”中的目标“ComputeCLCompileGeneratedXDCFiles”(目标“_XdcMake”依赖于它):
     1>已完成在项目“libCocosStudio.vcxproj”中生成目标“ComputeCLCompileGeneratedXDCFiles”的操作。
     1>来自项目“D:\DEMO\release\TowerDefense\cocos2d\cocos\editor-support\cocostudio\proj.win32\libCocosStudio.vcxproj”的文件“C:\Program Files (x86)\MSBuild\Microsoft.Cpp\v4.0\V110\Microsoft.CppBuild.targets”中的目标“MakeDirsForXdcMake”(目标“_XdcMake”依赖于它):
       任务“MakeDir”
       已完成执行任务“MakeDir”的操作。
     1>已完成在项目“libCocosStudio.vcxproj”中生成目标“MakeDirsForXdcMake”的操作。
       由于条件的计算结果为 false，已跳过目标“XdcMake”；('@(XdcMake)' != '')的计算结果为('' != '')。
     1>来自项目“D:\DEMO\release\TowerDefense\cocos2d\cocos\editor-support\cocostudio\proj.win32\libCocosStudio.vcxproj”的文件“C:\Program Files (x86)\MSBuild\Microsoft.Cpp\v4.0\V110\Microsoft.CppBuild.targets”中的目标“_XdcMake”(目标“_BuildLinkAction”依赖于它):
     1>已完成在项目“libCocosStudio.vcxproj”中生成目标“_XdcMake”的操作。
     1>来自项目“D:\DEMO\release\TowerDefense\cocos2d\cocos\editor-support\cocostudio\proj.win32\libCocosStudio.vcxproj”的文件“C:\Program Files (x86)\MSBuild\Microsoft.Cpp\v4.0\V110\Microsoft.CppBuild.targets”中的目标“ComputeCLCompileGeneratedSbrFiles”(目标“_BscMake”依赖于它):
     1>已完成在项目“libCocosStudio.vcxproj”中生成目标“ComputeCLCompileGeneratedSbrFiles”的操作。
     1>来自项目“D:\DEMO\release\TowerDefense\cocos2d\cocos\editor-support\cocostudio\proj.win32\libCocosStudio.vcxproj”的文件“C:\Program Files (x86)\MSBuild\Microsoft.Cpp\v4.0\V110\Microsoft.CppBuild.targets”中的目标“MakeDirsForBscMake”(目标“_BscMake”依赖于它):
       任务“MakeDir”
       已完成执行任务“MakeDir”的操作。
     1>已完成在项目“libCocosStudio.vcxproj”中生成目标“MakeDirsForBscMake”的操作。
       由于条件的计算结果为 false，已跳过目标“BscMake”；('@(BscMake)' != '')的计算结果为('' != '')。
       由于条件的计算结果为 false，已跳过目标“CustomBuildStep”；('@(CustomBuildStep)' != '' and '$(SelectedFiles)'=='')的计算结果为('' != '' and ''=='')。
     1>来自项目“D:\DEMO\release\TowerDefense\cocos2d\cocos\editor-support\cocostudio\proj.win32\libCocosStudio.vcxproj”的文件“C:\Program Files (x86)\MSBuild\Microsoft.Cpp\v4.0\V110\Microsoft.CppBuild.targets”中的目标“_BscMake”(目标“_BuildLinkAction”依赖于它):
     1>已完成在项目“libCocosStudio.vcxproj”中生成目标“_BscMake”的操作。
       由于条件的计算结果为 false，已跳过目标“RunMergeNativeCodeAnalysis”；('$(Language)'=='C++' and '$(RunCodeAnalysisOnThisProject)'=='true')的计算结果为('C++'=='C++' and ''=='true')。
       由于条件的计算结果为 false，已跳过目标“RunNativeCodeAnalysis”；('$(Language)'=='C++' and '$(RunCodeAnalysisOnThisProject)'=='true')的计算结果为('C++'=='C++' and ''=='true')。
     1>来自项目“D:\DEMO\release\TowerDefense\cocos2d\cocos\editor-support\cocostudio\proj.win32\libCocosStudio.vcxproj”的文件“C:\Windows\Microsoft.NET\Framework\v4.0.30319\Microsoft.Common.Targets”中的目标“_GenerateSatelliteAssemblyInputs”(目标“CreateSatelliteAssemblies”依赖于它):
       由于 false 条件，已跳过任务“Warning”；('@(ManifestResourceWithCulture)'!='' and '%(ManifestResourceWithCulture.EmittedForCompatibilityOnly)'=='')计算为(''!='' and ''=='')。
       由于 false 条件，已跳过任务“Warning”；('@(ManifestNonResxWithCultureOnDisk)'!='' and '%(ManifestNonResxWithCultureOnDisk.EmittedForCompatibilityOnly)'=='')计算为(''!='' and ''=='')。
     1>已完成在项目“libCocosStudio.vcxproj”中生成目标“_GenerateSatelliteAssemblyInputs”的操作。
       由于条件的计算结果为 false，已跳过目标“ComputeIntermediateSatelliteAssemblies”；(@(ReferenceSatellitePaths->'%(DestinationSubDirectory)') != '')的计算结果为( != '')。
       由于条件的计算结果为 false，已跳过目标“GenerateSatelliteAssemblies”；('@(_SatelliteAssemblyResourceInputs)' != '')的计算结果为('' != '')。
     1>来自项目“D:\DEMO\release\TowerDefense\cocos2d\cocos\editor-support\cocostudio\proj.win32\libCocosStudio.vcxproj”的文件“C:\Windows\Microsoft.NET\Framework\v4.0.30319\Microsoft.Common.Targets”中的目标“CreateSatelliteAssemblies”(目标“_BuildLinkAction”依赖于它):
     1>已完成在项目“libCocosStudio.vcxproj”中生成目标“CreateSatelliteAssemblies”的操作。
     1>来自项目“D:\DEMO\release\TowerDefense\cocos2d\cocos\editor-support\cocostudio\proj.win32\libCocosStudio.vcxproj”的文件“C:\Program Files (x86)\MSBuild\Microsoft.Cpp\v4.0\V110\Microsoft.CppBuild.targets”中的目标“_Appverifier”(目标“_BuildLinkAction”依赖于它):
     1>已完成在项目“libCocosStudio.vcxproj”中生成目标“_Appverifier”的操作。
     1>来自项目“D:\DEMO\release\TowerDefense\cocos2d\cocos\editor-support\cocostudio\proj.win32\libCocosStudio.vcxproj”的文件“C:\Program Files (x86)\MSBuild\Microsoft.Cpp\v4.0\V110\Microsoft.CppBuild.targets”中的目标“_Deploy”(目标“_BuildLinkAction”依赖于它):
     1>已完成在项目“libCocosStudio.vcxproj”中生成目标“_Deploy”的操作。
       由于条件的计算结果为 false，已跳过目标“ComputeIntermediateSatelliteAssemblies”；(@(ReferenceSatellitePaths->'%(DestinationSubDirectory)') != '')的计算结果为( != '')。
       由于条件的计算结果为 false，已跳过目标“_CopyFilesMarkedCopyLocal”；('@(ReferenceCopyLocalPaths)' != '')的计算结果为('' != '')。
     1>来自项目“D:\DEMO\release\TowerDefense\cocos2d\cocos\editor-support\cocostudio\proj.win32\libCocosStudio.vcxproj”的文件“C:\Windows\Microsoft.NET\Framework\v4.0.30319\Microsoft.Common.Targets”中的目标“AssignTargetPaths”(目标“GetCopyToOutputDirectoryItems”依赖于它):
       正在使用程序集“Microsoft.Build.Tasks.v4.0, Version=4.0.0.0, Culture=neutral, PublicKeyToken=b03f5f7f11d50a3a”中的“AssignTargetPath”任务。
       任务“AssignTargetPath”
       已完成执行任务“AssignTargetPath”的操作。
       任务“AssignTargetPath”
       已完成执行任务“AssignTargetPath”的操作。
       任务“AssignTargetPath”
       已完成执行任务“AssignTargetPath”的操作。
       任务“AssignTargetPath”
       已完成执行任务“AssignTargetPath”的操作。
       由于 false 条件，已跳过任务“AssignTargetPath”；('@(_DeploymentBaseManifestWithTargetPath)'=='' and '%(None.Extension)'=='.manifest')计算为(''=='' and ''=='.manifest')。
     1>已完成在项目“libCocosStudio.vcxproj”中生成目标“AssignTargetPaths”的操作。
       已跳过目标“_SplitProjectReferencesByFileExistence”。以前的生成已成功。
     1>来自项目“D:\DEMO\release\TowerDefense\cocos2d\cocos\editor-support\cocostudio\proj.win32\libCocosStudio.vcxproj”的文件“C:\Windows\Microsoft.NET\Framework\v4.0.30319\Microsoft.Xaml.targets”中的目标“GetCopyToOutputDirectoryXamlAppDefs”(目标“GetCopyToOutputDirectoryItems”依赖于它):
       任务“AssignTargetPath”
       已完成执行任务“AssignTargetPath”的操作。
     1>已完成在项目“libCocosStudio.vcxproj”中生成目标“GetCopyToOutputDirectoryXamlAppDefs”的操作。
     1>来自项目“D:\DEMO\release\TowerDefense\cocos2d\cocos\editor-support\cocostudio\proj.win32\libCocosStudio.vcxproj”的文件“C:\Windows\Microsoft.NET\Framework\v4.0.30319\Microsoft.Common.Targets”中的目标“GetCopyToOutputDirectoryItems”(目标“_CopySourceItemsToOutputDirectory”依赖于它):
       由于 false 条件，已跳过任务“MSBuild”；('@(_MSBuildProjectReferenceExistent)' != '' and '$(_GetChildProjectCopyToOutputDirectoryItems)' == 'true' and '%(_MSBuildProjectReferenceExistent.Private)' != 'false' and '$(UseCommonOutputDirectory)' != 'true')计算为('' != '' and 'true' == 'true' and '' != 'false' and 'false' != 'true')。
       任务“AssignTargetPath”
       已完成执行任务“AssignTargetPath”的操作。
     1>已完成在项目“libCocosStudio.vcxproj”中生成目标“GetCopyToOutputDirectoryItems”的操作。
       由于条件的计算结果为 false，已跳过目标“_CopyOutOfDateSourceItemsToOutputDirectory”；( '@(_SourceItemsToCopyToOutputDirectory)' != '' )的计算结果为( '' != '' )。
       由于条件的计算结果为 false，已跳过目标“_CopyOutOfDateSourceItemsToOutputDirectoryAlways”；( '@(_SourceItemsToCopyToOutputDirectoryAlways)' != '' )的计算结果为( '' != '' )。
     1>来自项目“D:\DEMO\release\TowerDefense\cocos2d\cocos\editor-support\cocostudio\proj.win32\libCocosStudio.vcxproj”的文件“C:\Windows\Microsoft.NET\Framework\v4.0.30319\Microsoft.Common.Targets”中的目标“_CopySourceItemsToOutputDirectory”(目标“CopyFilesToOutputDirectory”依赖于它):
     1>已完成在项目“libCocosStudio.vcxproj”中生成目标“_CopySourceItemsToOutputDirectory”的操作。
       由于条件的计算结果为 false，已跳过目标“_CopyAppConfigFile”；( '@(AppConfigWithTargetPath)' != '' )的计算结果为( '' != '' )。
       由于条件的计算结果为 false，已跳过目标“_CopyManifestFiles”；( '$(_DeploymentCopyApplicationManifest)'=='true' or '$(GenerateClickOnceManifests)'=='true' )的计算结果为( ''=='true' or ''=='true' )。
     1>来自项目“D:\DEMO\release\TowerDefense\cocos2d\cocos\editor-support\cocostudio\proj.win32\libCocosStudio.vcxproj”的文件“C:\Windows\Microsoft.NET\Framework\v4.0.30319\Microsoft.Common.Targets”中的目标“_CheckForCompileOutputs”(目标“CopyFilesToOutputDirectory”依赖于它):
     1>已完成在项目“libCocosStudio.vcxproj”中生成目标“_CheckForCompileOutputs”的操作。
       由于条件的计算结果为 false，已跳过目标“_SGenCheckForOutputs”；('$(_SGenGenerateSerializationAssembliesConfig)' == 'On' or ('@(WebReferenceUrl)'!='' and '$(_SGenGenerateSerializationAssembliesConfig)' == 'Auto'))的计算结果为('Off' == 'On' or (''!='' and 'Off' == 'Auto'))。
     1>来自项目“D:\DEMO\release\TowerDefense\cocos2d\cocos\editor-support\cocostudio\proj.win32\libCocosStudio.vcxproj”的文件“C:\Windows\Microsoft.NET\Framework\v4.0.30319\Microsoft.Common.Targets”中的目标“CopyFilesToOutputDirectory”(目标“PrepareForRun”依赖于它):
       由于 false 条件，已跳过任务“Copy”；('$(CopyBuildOutputToOutputDirectory)' == 'true' and '$(SkipCopyBuildProduct)' != 'true')计算为('true' == 'true' and 'true' != 'true')。
       由于 false 条件，已跳过任务“Message”；('$(CopyBuildOutputToOutputDirectory)' == 'true' and '$(SkipCopyBuildProduct)'!='true')计算为('true' == 'true' and 'true'!='true')。
       由于 false 条件，已跳过任务“Copy”；('@(AddModules)' != '')计算为('' != '')。
       由于 false 条件，已跳过任务“Copy”；('$(_SGenDllCreated)'=='true')计算为('false'=='true')。
       由于 false 条件，已跳过任务“Copy”；('$(_DebugSymbolsProduced)'=='true' and '$(SkipCopyingSymbolsToOutputDirectory)' != 'true' and '$(CopyOutputSymbolsToOutputDirectory)'=='true')计算为('false'=='true' and '' != 'true' and 'true'=='true')。
       由于 false 条件，已跳过任务“Copy”；('$(_DocumentationFileProduced)'=='true')计算为('false'=='true')。
       由于 false 条件，已跳过任务“Copy”；('@(IntermediateSatelliteAssembliesWithTargetPath)' != '')计算为('' != '')。
       由于 false 条件，已跳过任务“Copy”；('@(ReferenceComWrappersToCopyLocal)' != '' or '@(ResolvedIsolatedComModules)' != '' or '@(_DeploymentLooseManifestFile)' != '' or '@(NativeReferenceFile)' != '' )计算为('' != '' or '' != '' or '' != '' or '' != '' )。
       由于 false 条件，已跳过任务“Copy”；('$(SkipCopyWinMDArtifact)' != 'true' and '@(WinMDExpArtifacts)' != '')计算为('' != 'true' and '' != '')。
       由于 false 条件，已跳过任务“Message”；('$(SkipCopyWinMDArtifact)' != 'true' and '$(_WindowsMetadataOutputPath)' != '')计算为('' != 'true' and '' != '')。
     1>已完成在项目“libCocosStudio.vcxproj”中生成目标“CopyFilesToOutputDirectory”的操作。
     1>来自项目“D:\DEMO\release\TowerDefense\cocos2d\cocos\editor-support\cocostudio\proj.win32\libCocosStudio.vcxproj”的文件“C:\Windows\Microsoft.NET\Framework\v4.0.30319\Microsoft.Common.Targets”中的目标“PrepareForRun”(目标“_BuildLinkAction”依赖于它):
     1>已完成在项目“libCocosStudio.vcxproj”中生成目标“PrepareForRun”的操作。
       由于条件的计算结果为 false，已跳过目标“CustomBuildStep”；('@(CustomBuildStep)' != '' and '$(SelectedFiles)'=='')的计算结果为('' != '' and ''=='')。
     1>来自项目“D:\DEMO\release\TowerDefense\cocos2d\cocos\editor-support\cocostudio\proj.win32\libCocosStudio.vcxproj”的文件“C:\Program Files (x86)\MSBuild\Microsoft.Cpp\v4.0\V110\Microsoft.CppCommon.targets”中的目标“PostBuildEvent”(目标“_BuildLinkAction”依赖于它):
       由于 false 条件，已跳过任务“Message”；('%(PostBuildEvent.Message)' != '' and '%(PostBuildEvent.Command)' != '')计算为('' != '' and '' != '')。
       由于 false 条件，已跳过任务“Exec”；('%(PostBuildEvent.Command)' != '')计算为('' != '')。
     1>已完成在项目“libCocosStudio.vcxproj”中生成目标“PostBuildEvent”的操作。
     1>来自项目“D:\DEMO\release\TowerDefense\cocos2d\cocos\editor-support\cocostudio\proj.win32\libCocosStudio.vcxproj”的文件“C:\Program Files (x86)\MSBuild\Microsoft.Cpp\v4.0\V110\Microsoft.CppBuild.targets”中的目标“_BuildLinkAction”(目标“BuildLink”依赖于它):
     1>已完成在项目“libCocosStudio.vcxproj”中生成目标“_BuildLinkAction”的操作。
     1>来自项目“D:\DEMO\release\TowerDefense\cocos2d\cocos\editor-support\cocostudio\proj.win32\libCocosStudio.vcxproj”的文件“C:\Windows\Microsoft.NET\Framework\v4.0.30319\Microsoft.Common.Targets”中的目标“BuildLink”(目标“Build”依赖于它):
     1>已完成在项目“libCocosStudio.vcxproj”中生成目标“BuildLink”的操作。
     1>来自项目“D:\DEMO\release\TowerDefense\cocos2d\cocos\editor-support\cocostudio\proj.win32\libCocosStudio.vcxproj”的文件“C:\Program Files (x86)\MSBuild\Microsoft.Cpp\v4.0\V110\Microsoft.BuildSteps.Targets”中的目标“AfterBuild”(目标“Build”依赖于它):
     1>已完成在项目“libCocosStudio.vcxproj”中生成目标“AfterBuild”的操作。
     1>来自项目“D:\DEMO\release\TowerDefense\cocos2d\cocos\editor-support\cocostudio\proj.win32\libCocosStudio.vcxproj”的文件“C:\Program Files (x86)\MSBuild\Microsoft.Cpp\v4.0\V110\Microsoft.CppBuild.targets”中的目标“FinalizeBuildStatus”(目标“Build”依赖于它):
       正在使用程序集“Microsoft.Build.Tasks.v4.0, Version=4.0.0.0, Culture=neutral, PublicKeyToken=b03f5f7f11d50a3a”中的“Delete”任务。
       任务“Delete”
         正在删除文件“Debug.win32\libCocosStudio.unsuccessfulbuild”。
       已完成执行任务“Delete”的操作。
       任务“Touch”
         正在对“Debug.win32\libCocosStudio.lastbuildstate”执行 Touch 任务。
       已完成执行任务“Touch”的操作。
     1>已完成在项目“libCocosStudio.vcxproj”中生成目标“FinalizeBuildStatus”的操作。
     1>来自项目“D:\DEMO\release\TowerDefense\cocos2d\cocos\editor-support\cocostudio\proj.win32\libCocosStudio.vcxproj”的文件“C:\Program Files (x86)\MSBuild\Microsoft.Cpp\v4.0\V110\Microsoft.BuildSteps.Targets”中的目标“Build”(入口点):
     1>已完成在项目“libCocosStudio.vcxproj”中生成目标“Build”的操作。
     1>已完成生成项目“D:\DEMO\release\TowerDefense\cocos2d\cocos\editor-support\cocostudio\proj.win32\libCocosStudio.vcxproj”(Build 个目标)的操作。

生成成功。

已用时间 00:03:46.72
